TpTrace Verbose: 0 : 37272, 1, 2025/02/28, 23:32:39.561, 2171408526688, vstest.console.dll, Version: 17.12.0-release-24508-01 Current process architecture: X64
TpTrace Verbose: 0 : 37272, 1, 2025/02/28, 23:32:39.564, 2171408558850, vstest.console.dll, Runtime location: C:\Program Files\dotnet\shared\Microsoft.NETCore.App\9.0.2
TpTrace Verbose: 0 : 37272, 1, 2025/02/28, 23:32:39.569, 2171408602992, vstest.console.dll, ArtifactProcessingPostProcessModeProcessorExecutor.Initialize: ArtifactProcessingMode.Collect
TpTrace Verbose: 0 : 37272, 1, 2025/02/28, 23:32:39.569, 2171408604696, vstest.console.dll, TestSessionCorrelationIdProcessorModeProcessorExecutor.Initialize: TestSessionCorrelationId '27872_723ff81a-a05d-45e9-a629-d11f9c77ba5c'
TpTrace Information: 0 : 37272, 1, 2025/02/28, 23:32:39.579, 2171408703076, vstest.console.dll, FilePatternParser: The given file C:\Users\USER\Documents\002 HICHEELUUD\windows\Lab-Windows\Laboratory-2\TestProject1\bin\Debug\net8.0\fine-code-coverage\build-output\TestProject1.dll is a full path.
TpTrace Verbose: 0 : 37272, 1, 2025/02/28, 23:32:39.589, 2171408802456, vstest.console.dll, TestPluginCache.DiscoverTestExtensions: finding test extensions in assemblies ends with: RuntimeProvider.dll TPluginInfo: Microsoft.VisualStudio.TestPlatform.Common.ExtensionFramework.Utilities.TestRuntimePluginInformation TExtension: Microsoft.VisualStudio.TestPlatform.ObjectModel.Host.ITestRuntimeProvider
TpTrace Verbose: 0 : 37272, 1, 2025/02/28, 23:32:39.589, 2171408806475, vstest.console.dll, TestPluginCache.GetExtensionPaths: Filtered extension paths: 
TpTrace Verbose: 0 : 37272, 1, 2025/02/28, 23:32:39.589, 2171408807510, vstest.console.dll, TestPluginCache.GetExtensionPaths: Added default extension paths: C:\Program Files\dotnet\sdk\9.0.103\Extensions\Microsoft.Diagnostics.NETCore.Client.dll
C:\Program Files\dotnet\sdk\9.0.103\Extensions\Microsoft.TestPlatform.Extensions.BlameDataCollector.dll
C:\Program Files\dotnet\sdk\9.0.103\Extensions\Microsoft.TestPlatform.Extensions.EventLogCollector.dll
C:\Program Files\dotnet\sdk\9.0.103\Extensions\Microsoft.TestPlatform.TestHostRuntimeProvider.dll
C:\Program Files\dotnet\sdk\9.0.103\Extensions\Microsoft.VisualStudio.TestPlatform.Extensions.Html.TestLogger.dll
C:\Program Files\dotnet\sdk\9.0.103\Extensions\Microsoft.VisualStudio.TestPlatform.Extensions.Trx.TestLogger.dll
TpTrace Verbose: 0 : 37272, 1, 2025/02/28, 23:32:39.589, 2171408807779, vstest.console.dll, TestPluginCache.GetExtensionPaths: Added unfilterableExtensionPaths: 
TpTrace Information: 0 : 37272, 1, 2025/02/28, 23:32:39.590, 2171408815281, vstest.console.dll, AssemblyResolver.ctor: Creating AssemblyResolver with searchDirectories C:\Program Files\dotnet\sdk\9.0.103\Extensions,C:\Program Files\dotnet\sdk\9.0.103
TpTrace Verbose: 0 : 37272, 1, 2025/02/28, 23:32:39.594, 2171408852457, vstest.console.dll, TestPluginCache.DiscoverTestExtensions: Discovering the extensions using extension path.
TpTrace Verbose: 0 : 37272, 1, 2025/02/28, 23:32:39.594, 2171408854412, vstest.console.dll, TestPluginCache.GetExtensionPaths: Filtered extension paths: 
TpTrace Verbose: 0 : 37272, 1, 2025/02/28, 23:32:39.594, 2171408855015, vstest.console.dll, TestPluginCache.GetExtensionPaths: Added default extension paths: C:\Program Files\dotnet\sdk\9.0.103\Extensions\Microsoft.Diagnostics.NETCore.Client.dll
C:\Program Files\dotnet\sdk\9.0.103\Extensions\Microsoft.TestPlatform.Extensions.BlameDataCollector.dll
C:\Program Files\dotnet\sdk\9.0.103\Extensions\Microsoft.TestPlatform.Extensions.EventLogCollector.dll
C:\Program Files\dotnet\sdk\9.0.103\Extensions\Microsoft.TestPlatform.TestHostRuntimeProvider.dll
C:\Program Files\dotnet\sdk\9.0.103\Extensions\Microsoft.VisualStudio.TestPlatform.Extensions.Html.TestLogger.dll
C:\Program Files\dotnet\sdk\9.0.103\Extensions\Microsoft.VisualStudio.TestPlatform.Extensions.Trx.TestLogger.dll
TpTrace Verbose: 0 : 37272, 1, 2025/02/28, 23:32:39.594, 2171408855341, vstest.console.dll, TestPluginCache.GetExtensionPaths: Added unfilterableExtensionPaths: 
TpTrace Verbose: 0 : 37272, 1, 2025/02/28, 23:32:39.594, 2171408855991, vstest.console.dll, TestPluginCache.DiscoverTestExtensions: Discovering the extensions using allExtensionPaths: C:\Program Files\dotnet\sdk\9.0.103\Extensions\Microsoft.Diagnostics.NETCore.Client.dll
C:\Program Files\dotnet\sdk\9.0.103\Extensions\Microsoft.TestPlatform.Extensions.BlameDataCollector.dll
C:\Program Files\dotnet\sdk\9.0.103\Extensions\Microsoft.TestPlatform.Extensions.EventLogCollector.dll
C:\Program Files\dotnet\sdk\9.0.103\Extensions\Microsoft.TestPlatform.TestHostRuntimeProvider.dll
C:\Program Files\dotnet\sdk\9.0.103\Extensions\Microsoft.VisualStudio.TestPlatform.Extensions.Html.TestLogger.dll
C:\Program Files\dotnet\sdk\9.0.103\Extensions\Microsoft.VisualStudio.TestPlatform.Extensions.Trx.TestLogger.dll
TpTrace Information: 0 : 37272, 1, 2025/02/28, 23:32:39.594, 2171408858081, vstest.console.dll, AssemblyResolver.AddSearchDirectories: Adding more searchDirectories C:\Program Files\dotnet\sdk\9.0.103\Extensions,C:\Program Files\dotnet\sdk\9.0.103
TpTrace Information: 0 : 37272, 1, 2025/02/28, 23:32:39.594, 2171408858866, vstest.console.dll, AssemblyResolver.AddSearchDirectories: Adding more searchDirectories C:\Program Files\dotnet\sdk\9.0.103\Extensions,C:\Program Files\dotnet\sdk\9.0.103
TpTrace Information: 0 : 37272, 1, 2025/02/28, 23:32:39.594, 2171408859197, vstest.console.dll, AssemblyResolver.AddSearchDirectories: Adding more searchDirectories C:\Program Files\dotnet\sdk\9.0.103\Extensions,C:\Program Files\dotnet\sdk\9.0.103
TpTrace Information: 0 : 37272, 1, 2025/02/28, 23:32:39.594, 2171408859399, vstest.console.dll, AssemblyResolver.AddSearchDirectories: Adding more searchDirectories C:\Program Files\dotnet\sdk\9.0.103\Extensions,C:\Program Files\dotnet\sdk\9.0.103
TpTrace Information: 0 : 37272, 1, 2025/02/28, 23:32:39.594, 2171408859573, vstest.console.dll, AssemblyResolver.AddSearchDirectories: Adding more searchDirectories C:\Program Files\dotnet\sdk\9.0.103\Extensions,C:\Program Files\dotnet\sdk\9.0.103
TpTrace Information: 0 : 37272, 1, 2025/02/28, 23:32:39.594, 2171408859764, vstest.console.dll, AssemblyResolver.AddSearchDirectories: Adding more searchDirectories C:\Program Files\dotnet\sdk\9.0.103\Extensions,C:\Program Files\dotnet\sdk\9.0.103
TpTrace Information: 0 : 37272, 1, 2025/02/28, 23:32:39.595, 2171408864772, vstest.console.dll, AssemblyResolver.OnResolve: Microsoft.Diagnostics.NETCore.Client: Resolving assembly.
TpTrace Information: 0 : 37272, 1, 2025/02/28, 23:32:39.595, 2171408865626, vstest.console.dll, AssemblyResolver.OnResolve: Microsoft.Diagnostics.NETCore.Client: Searching in: 'C:\Program Files\dotnet\sdk\9.0.103\Extensions'.
TpTrace Information: 0 : 37272, 1, 2025/02/28, 23:32:39.614, 2171409057503, vstest.console.dll, AssemblyResolver.OnResolve: Microsoft.Diagnostics.NETCore.Client: Loading assembly 'C:\Program Files\dotnet\sdk\9.0.103\Extensions\Microsoft.Diagnostics.NETCore.Client.dll'.
TpTrace Information: 0 : 37272, 1, 2025/02/28, 23:32:39.616, 2171409078290, vstest.console.dll, AssemblyResolver.OnResolve: Resolved assembly: Microsoft.Diagnostics.NETCore.Client, from path: C:\Program Files\dotnet\sdk\9.0.103\Extensions\Microsoft.Diagnostics.NETCore.Client.dll
TpTrace Verbose: 0 : 37272, 1, 2025/02/28, 23:32:39.617, 2171409090862, vstest.console.dll, MetadataReaderExtensionsHelper: Discovering extensions inside assembly 'Microsoft.Diagnostics.NETCore.Client, Version=0.2.10.41601, Culture=neutral, PublicKeyToken=31bf3856ad364e35' file path 'C:\Program Files\dotnet\sdk\9.0.103\Extensions\Microsoft.Diagnostics.NETCore.Client.dll'
TpTrace Information: 0 : 37272, 1, 2025/02/28, 23:32:39.623, 2171409145933, vstest.console.dll, AssemblyResolver.OnResolve: Microsoft.Bcl.AsyncInterfaces: Resolving assembly.
TpTrace Information: 0 : 37272, 1, 2025/02/28, 23:32:39.623, 2171409146861, vstest.console.dll, AssemblyResolver.OnResolve: Microsoft.Bcl.AsyncInterfaces: Searching in: 'C:\Program Files\dotnet\sdk\9.0.103\Extensions'.
TpTrace Information: 0 : 37272, 1, 2025/02/28, 23:32:39.623, 2171409147552, vstest.console.dll, AssemblyResolver.OnResolve: Microsoft.Bcl.AsyncInterfaces: Assembly path does not exist: 'C:\Program Files\dotnet\sdk\9.0.103\Extensions\Microsoft.Bcl.AsyncInterfaces.dll', returning.
TpTrace Information: 0 : 37272, 1, 2025/02/28, 23:32:39.623, 2171409148458, vstest.console.dll, AssemblyResolver.OnResolve: Microsoft.Bcl.AsyncInterfaces: Assembly path does not exist: 'C:\Program Files\dotnet\sdk\9.0.103\Extensions\Microsoft.Bcl.AsyncInterfaces.exe', returning.
TpTrace Information: 0 : 37272, 1, 2025/02/28, 23:32:39.623, 2171409148840, vstest.console.dll, AssemblyResolver.OnResolve: Microsoft.Bcl.AsyncInterfaces: Searching in: 'C:\Program Files\dotnet\sdk\9.0.103'.
TpTrace Information: 0 : 37272, 1, 2025/02/28, 23:32:39.623, 2171409149309, vstest.console.dll, AssemblyResolver.OnResolve: Microsoft.Bcl.AsyncInterfaces: Assembly path does not exist: 'C:\Program Files\dotnet\sdk\9.0.103\Microsoft.Bcl.AsyncInterfaces.dll', returning.
TpTrace Information: 0 : 37272, 1, 2025/02/28, 23:32:39.623, 2171409149727, vstest.console.dll, AssemblyResolver.OnResolve: Microsoft.Bcl.AsyncInterfaces: Assembly path does not exist: 'C:\Program Files\dotnet\sdk\9.0.103\Microsoft.Bcl.AsyncInterfaces.exe', returning.
TpTrace Information: 0 : 37272, 1, 2025/02/28, 23:32:39.623, 2171409149932, vstest.console.dll, AssemblyResolver.OnResolve: Microsoft.Bcl.AsyncInterfaces: Failed to load assembly.
TpTrace Verbose: 0 : 37272, 1, 2025/02/28, 23:32:39.623, 2171409150177, vstest.console.dll, CurrentDomainAssemblyResolve: Resolving assembly 'Microsoft.Bcl.AsyncInterfaces'.
TpTrace Information: 0 : 37272, 1, 2025/02/28, 23:32:39.623, 2171409150648, vstest.console.dll, AssemblyResolver.OnResolve: Microsoft.Bcl.AsyncInterfaces: Resolving assembly.
TpTrace Information: 0 : 37272, 1, 2025/02/28, 23:32:39.623, 2171409150884, vstest.console.dll, AssemblyResolver.OnResolve: Microsoft.Bcl.AsyncInterfaces: Resolved from cache.
TpTrace Verbose: 0 : 37272, 1, 2025/02/28, 23:32:39.623, 2171409151045, vstest.console.dll, CurrentDomainAssemblyResolve: Resolving assembly 'Microsoft.Bcl.AsyncInterfaces'.
TpTrace Verbose: 0 : 37272, 1, 2025/02/28, 23:32:39.623, 2171409151261, vstest.console.dll, CurrentDomainAssemblyResolve: Failed to resolve assembly 'Microsoft.Bcl.AsyncInterfaces'.
TpTrace Verbose: 0 : 37272, 1, 2025/02/28, 23:32:39.627, 2171409190611, vstest.console.dll, CurrentDomainAssemblyResolve: Failed to resolve assembly 'Microsoft.Bcl.AsyncInterfaces'.
TpTrace Warning: 0 : 37272, 1, 2025/02/28, 23:32:39.650, 2171409412063, vstest.console.dll, TestPluginDiscoverer: Failed to get types from assembly 'Microsoft.Diagnostics.NETCore.Client, Version=0.2.10.41601, Culture=neutral, PublicKeyToken=31bf3856ad364e35'. Error: System.Reflection.ReflectionTypeLoadException: Unable to load one or more of the requested types.
Could not load file or assembly 'Microsoft.Bcl.AsyncInterfaces, Version=6.0.0.0, Culture=neutral, PublicKeyToken=cc7b13ffcd2ddd51'. The system cannot find the file specified.
   at System.Reflection.RuntimeModule.GetDefinedTypes()
   at System.Reflection.RuntimeModule.GetTypes()
   at Microsoft.VisualStudio.TestPlatform.Common.ExtensionFramework.TestPluginDiscoverer.GetTestExtensionsFromAssembly[TPluginInfo,TExtension](Assembly assembly, Dictionary`2 pluginInfos, String filePath) in /_/src/Microsoft.TestPlatform.Common/ExtensionFramework/TestPluginDiscoverer.cs:line 159
System.IO.FileNotFoundException: Could not load file or assembly 'Microsoft.Bcl.AsyncInterfaces, Version=6.0.0.0, Culture=neutral, PublicKeyToken=cc7b13ffcd2ddd51'. The system cannot find the file specified.
File name: 'Microsoft.Bcl.AsyncInterfaces, Version=6.0.0.0, Culture=neutral, PublicKeyToken=cc7b13ffcd2ddd51'
 ---> System.IO.FileNotFoundException: Could not load file or assembly 'Microsoft.Bcl.AsyncInterfaces, Culture=neutral, PublicKeyToken=null'. The system cannot find the file specified.
File name: 'Microsoft.Bcl.AsyncInterfaces, Culture=neutral, PublicKeyToken=null'
   at System.Reflection.RuntimeAssembly.InternalLoad(AssemblyName assemblyName, StackCrawlMark& stackMark, AssemblyLoadContext assemblyLoadContext, RuntimeAssembly requestingAssembly, Boolean throwOnFileNotFound)
   at System.Reflection.Assembly.Load(AssemblyName assemblyRef)
   at Microsoft.VisualStudio.TestPlatform.Common.ExtensionFramework.TestPluginCache.CurrentDomainAssemblyResolve(Object sender, AssemblyResolveEventArgs args) in /_/src/Microsoft.TestPlatform.Common/ExtensionFramework/TestPluginCache.cs:line 514
   at System.Runtime.Loader.AssemblyLoadContext.GetFirstResolvedAssemblyFromResolvingEvent(AssemblyName assemblyName)
   at System.Runtime.Loader.AssemblyLoadContext.ResolveUsingEvent(AssemblyName assemblyName)
   at System.Runtime.Loader.AssemblyLoadContext.ResolveUsingResolvingEvent(IntPtr gchManagedAssemblyLoadContext, AssemblyName assemblyName)
TpTrace Warning: 0 : 37272, 1, 2025/02/28, 23:32:39.650, 2171409415646, vstest.console.dll, LoaderExceptions: System.IO.FileNotFoundException: Could not load file or assembly 'Microsoft.Bcl.AsyncInterfaces, Version=6.0.0.0, Culture=neutral, PublicKeyToken=cc7b13ffcd2ddd51'. The system cannot find the file specified.
File name: 'Microsoft.Bcl.AsyncInterfaces, Version=6.0.0.0, Culture=neutral, PublicKeyToken=cc7b13ffcd2ddd51'
 ---> System.IO.FileNotFoundException: Could not load file or assembly 'Microsoft.Bcl.AsyncInterfaces, Culture=neutral, PublicKeyToken=null'. The system cannot find the file specified.
File name: 'Microsoft.Bcl.AsyncInterfaces, Culture=neutral, PublicKeyToken=null'
   at System.Reflection.RuntimeAssembly.InternalLoad(AssemblyName assemblyName, StackCrawlMark& stackMark, AssemblyLoadContext assemblyLoadContext, RuntimeAssembly requestingAssembly, Boolean throwOnFileNotFound)
   at System.Reflection.Assembly.Load(AssemblyName assemblyRef)
   at Microsoft.VisualStudio.TestPlatform.Common.ExtensionFramework.TestPluginCache.CurrentDomainAssemblyResolve(Object sender, AssemblyResolveEventArgs args) in /_/src/Microsoft.TestPlatform.Common/ExtensionFramework/TestPluginCache.cs:line 514
   at System.Runtime.Loader.AssemblyLoadContext.GetFirstResolvedAssemblyFromResolvingEvent(AssemblyName assemblyName)
   at System.Runtime.Loader.AssemblyLoadContext.ResolveUsingEvent(AssemblyName assemblyName)
   at System.Runtime.Loader.AssemblyLoadContext.ResolveUsingResolvingEvent(IntPtr gchManagedAssemblyLoadContext, AssemblyName assemblyName)
TpTrace Information: 0 : 37272, 1, 2025/02/28, 23:32:39.650, 2171409417003, vstest.console.dll, AssemblyResolver.OnResolve: Microsoft.TestPlatform.Extensions.BlameDataCollector: Resolving assembly.
TpTrace Information: 0 : 37272, 1, 2025/02/28, 23:32:39.650, 2171409417364, vstest.console.dll, AssemblyResolver.OnResolve: Microsoft.TestPlatform.Extensions.BlameDataCollector: Searching in: 'C:\Program Files\dotnet\sdk\9.0.103\Extensions'.
TpTrace Information: 0 : 37272, 1, 2025/02/28, 23:32:39.651, 2171409427149, vstest.console.dll, AssemblyResolver.OnResolve: Microsoft.TestPlatform.Extensions.BlameDataCollector: Loading assembly 'C:\Program Files\dotnet\sdk\9.0.103\Extensions\Microsoft.TestPlatform.Extensions.BlameDataCollector.dll'.
TpTrace Information: 0 : 37272, 1, 2025/02/28, 23:32:39.652, 2171409438853, vstest.console.dll, AssemblyResolver.OnResolve: Resolved assembly: Microsoft.TestPlatform.Extensions.BlameDataCollector, from path: C:\Program Files\dotnet\sdk\9.0.103\Extensions\Microsoft.TestPlatform.Extensions.BlameDataCollector.dll
TpTrace Verbose: 0 : 37272, 1, 2025/02/28, 23:32:39.652, 2171409439971, vstest.console.dll, MetadataReaderExtensionsHelper: Discovering extensions inside assembly 'Microsoft.TestPlatform.Extensions.BlameDataCollector, Version=15.0.0.0, Culture=neutral, PublicKeyToken=b03f5f7f11d50a3a' file path 'C:\Program Files\dotnet\sdk\9.0.103\Extensions\Microsoft.TestPlatform.Extensions.BlameDataCollector.dll'
TpTrace Information: 0 : 37272, 1, 2025/02/28, 23:32:39.655, 2171409467147, vstest.console.dll, AssemblyResolver.OnResolve: Microsoft.TestPlatform.Extensions.EventLogCollector: Resolving assembly.
TpTrace Information: 0 : 37272, 1, 2025/02/28, 23:32:39.655, 2171409468122, vstest.console.dll, AssemblyResolver.OnResolve: Microsoft.TestPlatform.Extensions.EventLogCollector: Searching in: 'C:\Program Files\dotnet\sdk\9.0.103\Extensions'.
TpTrace Information: 0 : 37272, 1, 2025/02/28, 23:32:39.656, 2171409478153, vstest.console.dll, AssemblyResolver.OnResolve: Microsoft.TestPlatform.Extensions.EventLogCollector: Loading assembly 'C:\Program Files\dotnet\sdk\9.0.103\Extensions\Microsoft.TestPlatform.Extensions.EventLogCollector.dll'.
TpTrace Information: 0 : 37272, 1, 2025/02/28, 23:32:39.657, 2171409485314, vstest.console.dll, AssemblyResolver.OnResolve: Resolved assembly: Microsoft.TestPlatform.Extensions.EventLogCollector, from path: C:\Program Files\dotnet\sdk\9.0.103\Extensions\Microsoft.TestPlatform.Extensions.EventLogCollector.dll
TpTrace Verbose: 0 : 37272, 1, 2025/02/28, 23:32:39.657, 2171409486155, vstest.console.dll, MetadataReaderExtensionsHelper: Discovering extensions inside assembly 'Microsoft.TestPlatform.Extensions.EventLogCollector, Version=15.0.0.0, Culture=neutral, PublicKeyToken=b03f5f7f11d50a3a' file path 'C:\Program Files\dotnet\sdk\9.0.103\Extensions\Microsoft.TestPlatform.Extensions.EventLogCollector.dll'
TpTrace Information: 0 : 37272, 1, 2025/02/28, 23:32:39.661, 2171409531192, vstest.console.dll, AssemblyResolver.OnResolve: Microsoft.TestPlatform.TestHostRuntimeProvider: Resolving assembly.
TpTrace Information: 0 : 37272, 1, 2025/02/28, 23:32:39.662, 2171409532238, vstest.console.dll, AssemblyResolver.OnResolve: Microsoft.TestPlatform.TestHostRuntimeProvider: Searching in: 'C:\Program Files\dotnet\sdk\9.0.103\Extensions'.
TpTrace Information: 0 : 37272, 1, 2025/02/28, 23:32:39.663, 2171409542778, vstest.console.dll, AssemblyResolver.OnResolve: Microsoft.TestPlatform.TestHostRuntimeProvider: Loading assembly 'C:\Program Files\dotnet\sdk\9.0.103\Extensions\Microsoft.TestPlatform.TestHostRuntimeProvider.dll'.
TpTrace Information: 0 : 37272, 1, 2025/02/28, 23:32:39.664, 2171409559776, vstest.console.dll, AssemblyResolver.OnResolve: Resolved assembly: Microsoft.TestPlatform.TestHostRuntimeProvider, from path: C:\Program Files\dotnet\sdk\9.0.103\Extensions\Microsoft.TestPlatform.TestHostRuntimeProvider.dll
TpTrace Verbose: 0 : 37272, 1, 2025/02/28, 23:32:39.665, 2171409561540, vstest.console.dll, MetadataReaderExtensionsHelper: Discovering extensions inside assembly 'Microsoft.TestPlatform.TestHostRuntimeProvider, Version=15.0.0.0, Culture=neutral, PublicKeyToken=b03f5f7f11d50a3a' file path 'C:\Program Files\dotnet\sdk\9.0.103\Extensions\Microsoft.TestPlatform.TestHostRuntimeProvider.dll'
TpTrace Information: 0 : 37272, 1, 2025/02/28, 23:32:39.668, 2171409592794, vstest.console.dll, GetTestExtensionFromType: Register extension with identifier data 'HostProvider://DefaultTestHost' and type 'Microsoft.VisualStudio.TestPlatform.CrossPlatEngine.Hosting.DefaultTestHostManager, Microsoft.TestPlatform.TestHostRuntimeProvider, Version=15.0.0.0, Culture=neutral, PublicKeyToken=b03f5f7f11d50a3a' inside file 'C:\Program Files\dotnet\sdk\9.0.103\Extensions\Microsoft.TestPlatform.TestHostRuntimeProvider.dll'
TpTrace Information: 0 : 37272, 1, 2025/02/28, 23:32:39.668, 2171409596969, vstest.console.dll, GetTestExtensionFromType: Register extension with identifier data 'HostProvider://DotnetTestHost' and type 'Microsoft.VisualStudio.TestPlatform.CrossPlatEngine.Hosting.DotnetTestHostManager, Microsoft.TestPlatform.TestHostRuntimeProvider, Version=15.0.0.0, Culture=neutral, PublicKeyToken=b03f5f7f11d50a3a' inside file 'C:\Program Files\dotnet\sdk\9.0.103\Extensions\Microsoft.TestPlatform.TestHostRuntimeProvider.dll'
TpTrace Information: 0 : 37272, 1, 2025/02/28, 23:32:39.668, 2171409598113, vstest.console.dll, AssemblyResolver.OnResolve: Microsoft.VisualStudio.TestPlatform.Extensions.Html.TestLogger: Resolving assembly.
TpTrace Information: 0 : 37272, 1, 2025/02/28, 23:32:39.668, 2171409598702, vstest.console.dll, AssemblyResolver.OnResolve: Microsoft.VisualStudio.TestPlatform.Extensions.Html.TestLogger: Searching in: 'C:\Program Files\dotnet\sdk\9.0.103\Extensions'.
TpTrace Information: 0 : 37272, 1, 2025/02/28, 23:32:39.669, 2171409608593, vstest.console.dll, AssemblyResolver.OnResolve: Microsoft.VisualStudio.TestPlatform.Extensions.Html.TestLogger: Loading assembly 'C:\Program Files\dotnet\sdk\9.0.103\Extensions\Microsoft.VisualStudio.TestPlatform.Extensions.Html.TestLogger.dll'.
TpTrace Information: 0 : 37272, 1, 2025/02/28, 23:32:39.670, 2171409620543, vstest.console.dll, AssemblyResolver.OnResolve: Resolved assembly: Microsoft.VisualStudio.TestPlatform.Extensions.Html.TestLogger, from path: C:\Program Files\dotnet\sdk\9.0.103\Extensions\Microsoft.VisualStudio.TestPlatform.Extensions.Html.TestLogger.dll
TpTrace Verbose: 0 : 37272, 1, 2025/02/28, 23:32:39.671, 2171409621712, vstest.console.dll, MetadataReaderExtensionsHelper: Discovering extensions inside assembly 'Microsoft.VisualStudio.TestPlatform.Extensions.Html.TestLogger, Version=15.0.0.0, Culture=neutral, PublicKeyToken=b03f5f7f11d50a3a' file path 'C:\Program Files\dotnet\sdk\9.0.103\Extensions\Microsoft.VisualStudio.TestPlatform.Extensions.Html.TestLogger.dll'
TpTrace Information: 0 : 37272, 1, 2025/02/28, 23:32:39.672, 2171409638182, vstest.console.dll, AssemblyResolver.OnResolve: Microsoft.VisualStudio.TestPlatform.Extensions.Trx.TestLogger: Resolving assembly.
TpTrace Information: 0 : 37272, 1, 2025/02/28, 23:32:39.672, 2171409639164, vstest.console.dll, AssemblyResolver.OnResolve: Microsoft.VisualStudio.TestPlatform.Extensions.Trx.TestLogger: Searching in: 'C:\Program Files\dotnet\sdk\9.0.103\Extensions'.
TpTrace Information: 0 : 37272, 1, 2025/02/28, 23:32:39.673, 2171409651192, vstest.console.dll, AssemblyResolver.OnResolve: Microsoft.VisualStudio.TestPlatform.Extensions.Trx.TestLogger: Loading assembly 'C:\Program Files\dotnet\sdk\9.0.103\Extensions\Microsoft.VisualStudio.TestPlatform.Extensions.Trx.TestLogger.dll'.
TpTrace Information: 0 : 37272, 1, 2025/02/28, 23:32:39.676, 2171409673443, vstest.console.dll, AssemblyResolver.OnResolve: Resolved assembly: Microsoft.VisualStudio.TestPlatform.Extensions.Trx.TestLogger, from path: C:\Program Files\dotnet\sdk\9.0.103\Extensions\Microsoft.VisualStudio.TestPlatform.Extensions.Trx.TestLogger.dll
TpTrace Verbose: 0 : 37272, 1, 2025/02/28, 23:32:39.676, 2171409674800, vstest.console.dll, MetadataReaderExtensionsHelper: Discovering extensions inside assembly 'Microsoft.VisualStudio.TestPlatform.Extensions.Trx.TestLogger, Version=15.0.0.0, Culture=neutral, PublicKeyToken=b03f5f7f11d50a3a' file path 'C:\Program Files\dotnet\sdk\9.0.103\Extensions\Microsoft.VisualStudio.TestPlatform.Extensions.Trx.TestLogger.dll'
TpTrace Verbose: 0 : 37272, 1, 2025/02/28, 23:32:39.678, 2171409699710, vstest.console.dll, TestPluginCache: Discovered the extensions using extension path ''.
TpTrace Verbose: 0 : 37272, 1, 2025/02/28, 23:32:39.678, 2171409700659, vstest.console.dll, TestPluginCache: Discoverers are ''.
TpTrace Verbose: 0 : 37272, 1, 2025/02/28, 23:32:39.678, 2171409700903, vstest.console.dll, TestPluginCache: Executors are ''.
TpTrace Verbose: 0 : 37272, 1, 2025/02/28, 23:32:39.678, 2171409701069, vstest.console.dll, TestPluginCache: Executors2 are ''.
TpTrace Verbose: 0 : 37272, 1, 2025/02/28, 23:32:39.678, 2171409701231, vstest.console.dll, TestPluginCache: Setting providers are ''.
TpTrace Verbose: 0 : 37272, 1, 2025/02/28, 23:32:39.679, 2171409701501, vstest.console.dll, TestPluginCache: Loggers are ''.
TpTrace Verbose: 0 : 37272, 1, 2025/02/28, 23:32:39.679, 2171409702961, vstest.console.dll, TestPluginCache: TestHosts are 'HostProvider://DefaultTestHost,HostProvider://DotnetTestHost'.
TpTrace Verbose: 0 : 37272, 1, 2025/02/28, 23:32:39.679, 2171409703334, vstest.console.dll, TestPluginCache: DataCollectors are ''.
TpTrace Information: 0 : 37272, 1, 2025/02/28, 23:32:39.704, 2171409959458, vstest.console.dll, RunTestsArgumentProcessor:Execute: Test run is starting.
TpTrace Verbose: 0 : 37272, 1, 2025/02/28, 23:32:39.704, 2171409960529, vstest.console.dll, RunTestsArgumentProcessor:Execute: Queuing Test run.
TpTrace Information: 0 : 37272, 1, 2025/02/28, 23:32:39.705, 2171409962389, vstest.console.dll, TestRequestManager.RunTests: run tests started.
TpTrace Information: 0 : 37272, 1, 2025/02/28, 23:32:39.707, 2171409985449, vstest.console.dll, AssemblyMetadataProvider.GetFrameworkName: Determined framework:'.NETCoreApp,Version=v8.0' for source: 'C:\Users\USER\Documents\002 HICHEELUUD\windows\Lab-Windows\Laboratory-2\TestProject1\bin\Debug\net8.0\fine-code-coverage\build-output\TestProject1.dll'
TpTrace Information: 0 : 37272, 1, 2025/02/28, 23:32:39.707, 2171409989156, vstest.console.dll, Determined framework for all sources: .NETCoreApp,Version=v8.0
TpTrace Verbose: 0 : 37272, 1, 2025/02/28, 23:32:39.708, 2171409995580, vstest.console.dll, TestRequestManager.UpdateRunSettingsIfRequired: Default architecture: X64 IsDefaultTargetArchitecture: True, Current process architecture: X64 OperatingSystem: Windows.
TpTrace Information: 0 : 37272, 1, 2025/02/28, 23:32:39.710, 2171410015975, vstest.console.dll, AssemblyMetadataProvider.GetArchitecture: Determined architecture:AnyCPU info for assembly: C:\Users\USER\Documents\002 HICHEELUUD\windows\Lab-Windows\Laboratory-2\TestProject1\bin\Debug\net8.0\fine-code-coverage\build-output\TestProject1.dll
TpTrace Information: 0 : 37272, 1, 2025/02/28, 23:32:39.710, 2171410016729, vstest.console.dll, Determined platform for source 'C:\Users\USER\Documents\002 HICHEELUUD\windows\Lab-Windows\Laboratory-2\TestProject1\bin\Debug\net8.0\fine-code-coverage\build-output\TestProject1.dll' was AnyCPU and it will use the default plaform X64.
TpTrace Information: 0 : 37272, 1, 2025/02/28, 23:32:39.710, 2171410017104, vstest.console.dll, None of the sources provided any runnable platform, using the default platform: X64
TpTrace Information: 0 : 37272, 1, 2025/02/28, 23:32:39.710, 2171410018288, vstest.console.dll, Platform was updated to 'X64'.
TpTrace Information: 0 : 37272, 1, 2025/02/28, 23:32:39.715, 2171410062857, vstest.console.dll, InferRunSettingsHelper.IsTestSettingsEnabled: Unable to navigate to RunSettings/MSTest. Current node: RunSettings
TpTrace Information: 0 : 37272, 1, 2025/02/28, 23:32:39.715, 2171410070016, vstest.console.dll, AssemblyResolver.OnResolve: Microsoft.VisualStudio.TestPlatform.Fakes: Resolving assembly.
TpTrace Information: 0 : 37272, 1, 2025/02/28, 23:32:39.716, 2171410071835, vstest.console.dll, AssemblyResolver.OnResolve: Microsoft.VisualStudio.TestPlatform.Fakes: Searching in: 'C:\Program Files\dotnet\sdk\9.0.103\Extensions'.
TpTrace Information: 0 : 37272, 1, 2025/02/28, 23:32:39.716, 2171410072980, vstest.console.dll, AssemblyResolver.OnResolve: Microsoft.VisualStudio.TestPlatform.Fakes: Assembly path does not exist: 'C:\Program Files\dotnet\sdk\9.0.103\Extensions\Microsoft.VisualStudio.TestPlatform.Fakes.dll', returning.
TpTrace Information: 0 : 37272, 1, 2025/02/28, 23:32:39.716, 2171410073692, vstest.console.dll, AssemblyResolver.OnResolve: Microsoft.VisualStudio.TestPlatform.Fakes: Assembly path does not exist: 'C:\Program Files\dotnet\sdk\9.0.103\Extensions\Microsoft.VisualStudio.TestPlatform.Fakes.exe', returning.
TpTrace Information: 0 : 37272, 1, 2025/02/28, 23:32:39.716, 2171410073947, vstest.console.dll, AssemblyResolver.OnResolve: Microsoft.VisualStudio.TestPlatform.Fakes: Searching in: 'C:\Program Files\dotnet\sdk\9.0.103'.
TpTrace Information: 0 : 37272, 1, 2025/02/28, 23:32:39.716, 2171410074473, vstest.console.dll, AssemblyResolver.OnResolve: Microsoft.VisualStudio.TestPlatform.Fakes: Assembly path does not exist: 'C:\Program Files\dotnet\sdk\9.0.103\Microsoft.VisualStudio.TestPlatform.Fakes.dll', returning.
TpTrace Information: 0 : 37272, 1, 2025/02/28, 23:32:39.716, 2171410075184, vstest.console.dll, AssemblyResolver.OnResolve: Microsoft.VisualStudio.TestPlatform.Fakes: Assembly path does not exist: 'C:\Program Files\dotnet\sdk\9.0.103\Microsoft.VisualStudio.TestPlatform.Fakes.exe', returning.
TpTrace Information: 0 : 37272, 1, 2025/02/28, 23:32:39.716, 2171410075440, vstest.console.dll, AssemblyResolver.OnResolve: Microsoft.VisualStudio.TestPlatform.Fakes: Failed to load assembly.
TpTrace Information: 0 : 37272, 1, 2025/02/28, 23:32:39.716, 2171410077759, vstest.console.dll, Failed to load assembly Microsoft.VisualStudio.TestPlatform.Fakes, Version=17.0.0.0, Culture=neutral. Reason:System.IO.FileNotFoundException: Could not load file or assembly 'Microsoft.VisualStudio.TestPlatform.Fakes, Version=17.0.0.0, Culture=neutral, PublicKeyToken=null'. The system cannot find the file specified.
File name: 'Microsoft.VisualStudio.TestPlatform.Fakes, Version=17.0.0.0, Culture=neutral, PublicKeyToken=null'
   at System.Reflection.RuntimeAssembly.InternalLoad(AssemblyName assemblyName, StackCrawlMark& stackMark, AssemblyLoadContext assemblyLoadContext, RuntimeAssembly requestingAssembly, Boolean throwOnFileNotFound)
   at System.Reflection.Assembly.Load(AssemblyName assemblyRef)
   at Microsoft.VisualStudio.TestPlatform.Common.Utilities.FakesUtilities.LoadTestPlatformAssembly() in /_/src/Microsoft.TestPlatform.Common/Utilities/FakesUtilities.cs:line 273
TpTrace Verbose: 0 : 37272, 1, 2025/02/28, 23:32:39.719, 2171410110033, vstest.console.dll, TestPluginCache.DiscoverTestExtensions: finding test extensions in assemblies ends with: TestLogger.dll TPluginInfo: Microsoft.VisualStudio.TestPlatform.Common.ExtensionFramework.Utilities.TestLoggerPluginInformation TExtension: Microsoft.VisualStudio.TestPlatform.ObjectModel.Client.ITestLogger
TpTrace Verbose: 0 : 37272, 1, 2025/02/28, 23:32:39.719, 2171410110940, vstest.console.dll, TestPluginCache.GetExtensionPaths: Filtered extension paths: 
TpTrace Verbose: 0 : 37272, 1, 2025/02/28, 23:32:39.719, 2171410111203, vstest.console.dll, TestPluginCache.GetExtensionPaths: Added default extension paths: C:\Program Files\dotnet\sdk\9.0.103\Extensions\Microsoft.Diagnostics.NETCore.Client.dll
C:\Program Files\dotnet\sdk\9.0.103\Extensions\Microsoft.TestPlatform.Extensions.BlameDataCollector.dll
C:\Program Files\dotnet\sdk\9.0.103\Extensions\Microsoft.TestPlatform.Extensions.EventLogCollector.dll
C:\Program Files\dotnet\sdk\9.0.103\Extensions\Microsoft.TestPlatform.TestHostRuntimeProvider.dll
C:\Program Files\dotnet\sdk\9.0.103\Extensions\Microsoft.VisualStudio.TestPlatform.Extensions.Html.TestLogger.dll
C:\Program Files\dotnet\sdk\9.0.103\Extensions\Microsoft.VisualStudio.TestPlatform.Extensions.Trx.TestLogger.dll
TpTrace Verbose: 0 : 37272, 1, 2025/02/28, 23:32:39.720, 2171410111449, vstest.console.dll, TestPluginCache.GetExtensionPaths: Added unfilterableExtensionPaths: 
TpTrace Information: 0 : 37272, 1, 2025/02/28, 23:32:39.720, 2171410112641, vstest.console.dll, AssemblyResolver.AddSearchDirectories: Adding more searchDirectories C:\Program Files\dotnet\sdk\9.0.103\Extensions,C:\Program Files\dotnet\sdk\9.0.103
TpTrace Verbose: 0 : 37272, 1, 2025/02/28, 23:32:39.720, 2171410113026, vstest.console.dll, TestPluginCache.DiscoverTestExtensions: Discovering the extensions using extension path.
TpTrace Verbose: 0 : 37272, 1, 2025/02/28, 23:32:39.720, 2171410113410, vstest.console.dll, TestPluginCache.GetExtensionPaths: Filtered extension paths: 
TpTrace Verbose: 0 : 37272, 1, 2025/02/28, 23:32:39.720, 2171410113623, vstest.console.dll, TestPluginCache.GetExtensionPaths: Added default extension paths: C:\Program Files\dotnet\sdk\9.0.103\Extensions\Microsoft.Diagnostics.NETCore.Client.dll
C:\Program Files\dotnet\sdk\9.0.103\Extensions\Microsoft.TestPlatform.Extensions.BlameDataCollector.dll
C:\Program Files\dotnet\sdk\9.0.103\Extensions\Microsoft.TestPlatform.Extensions.EventLogCollector.dll
C:\Program Files\dotnet\sdk\9.0.103\Extensions\Microsoft.TestPlatform.TestHostRuntimeProvider.dll
C:\Program Files\dotnet\sdk\9.0.103\Extensions\Microsoft.VisualStudio.TestPlatform.Extensions.Html.TestLogger.dll
C:\Program Files\dotnet\sdk\9.0.103\Extensions\Microsoft.VisualStudio.TestPlatform.Extensions.Trx.TestLogger.dll
TpTrace Verbose: 0 : 37272, 1, 2025/02/28, 23:32:39.720, 2171410113841, vstest.console.dll, TestPluginCache.GetExtensionPaths: Added unfilterableExtensionPaths: 
TpTrace Verbose: 0 : 37272, 1, 2025/02/28, 23:32:39.720, 2171410114165, vstest.console.dll, TestPluginCache.DiscoverTestExtensions: Discovering the extensions using allExtensionPaths: C:\Program Files\dotnet\sdk\9.0.103\Extensions\Microsoft.Diagnostics.NETCore.Client.dll
C:\Program Files\dotnet\sdk\9.0.103\Extensions\Microsoft.TestPlatform.Extensions.BlameDataCollector.dll
C:\Program Files\dotnet\sdk\9.0.103\Extensions\Microsoft.TestPlatform.Extensions.EventLogCollector.dll
C:\Program Files\dotnet\sdk\9.0.103\Extensions\Microsoft.TestPlatform.TestHostRuntimeProvider.dll
C:\Program Files\dotnet\sdk\9.0.103\Extensions\Microsoft.VisualStudio.TestPlatform.Extensions.Html.TestLogger.dll
C:\Program Files\dotnet\sdk\9.0.103\Extensions\Microsoft.VisualStudio.TestPlatform.Extensions.Trx.TestLogger.dll
TpTrace Information: 0 : 37272, 1, 2025/02/28, 23:32:39.720, 2171410115661, vstest.console.dll, AssemblyResolver.AddSearchDirectories: Adding more searchDirectories C:\Program Files\dotnet\sdk\9.0.103\Extensions,C:\Program Files\dotnet\sdk\9.0.103
TpTrace Information: 0 : 37272, 1, 2025/02/28, 23:32:39.720, 2171410116329, vstest.console.dll, AssemblyResolver.AddSearchDirectories: Adding more searchDirectories C:\Program Files\dotnet\sdk\9.0.103\Extensions,C:\Program Files\dotnet\sdk\9.0.103
TpTrace Information: 0 : 37272, 1, 2025/02/28, 23:32:39.720, 2171410116746, vstest.console.dll, AssemblyResolver.AddSearchDirectories: Adding more searchDirectories C:\Program Files\dotnet\sdk\9.0.103\Extensions,C:\Program Files\dotnet\sdk\9.0.103
TpTrace Information: 0 : 37272, 1, 2025/02/28, 23:32:39.720, 2171410117055, vstest.console.dll, AssemblyResolver.AddSearchDirectories: Adding more searchDirectories C:\Program Files\dotnet\sdk\9.0.103\Extensions,C:\Program Files\dotnet\sdk\9.0.103
TpTrace Information: 0 : 37272, 1, 2025/02/28, 23:32:39.720, 2171410117569, vstest.console.dll, AssemblyResolver.AddSearchDirectories: Adding more searchDirectories C:\Program Files\dotnet\sdk\9.0.103\Extensions,C:\Program Files\dotnet\sdk\9.0.103
TpTrace Information: 0 : 37272, 1, 2025/02/28, 23:32:39.720, 2171410117900, vstest.console.dll, AssemblyResolver.AddSearchDirectories: Adding more searchDirectories C:\Program Files\dotnet\sdk\9.0.103\Extensions,C:\Program Files\dotnet\sdk\9.0.103
TpTrace Verbose: 0 : 37272, 1, 2025/02/28, 23:32:39.720, 2171410119441, vstest.console.dll, MetadataReaderExtensionsHelper: Discovering extensions inside assembly 'Microsoft.Diagnostics.NETCore.Client, Version=0.2.10.41601, Culture=neutral, PublicKeyToken=31bf3856ad364e35' file path 'C:\Program Files\dotnet\sdk\9.0.103\Extensions\Microsoft.Diagnostics.NETCore.Client.dll'
TpTrace Information: 0 : 37272, 1, 2025/02/28, 23:32:39.722, 2171410139727, vstest.console.dll, AssemblyResolver.OnResolve: Microsoft.Bcl.AsyncInterfaces: Resolving assembly.
TpTrace Information: 0 : 37272, 1, 2025/02/28, 23:32:39.723, 2171410142417, vstest.console.dll, AssemblyResolver.OnResolve: Microsoft.Bcl.AsyncInterfaces: Resolved from cache.
TpTrace Verbose: 0 : 37272, 1, 2025/02/28, 23:32:39.723, 2171410142985, vstest.console.dll, CurrentDomainAssemblyResolve: Resolving assembly 'Microsoft.Bcl.AsyncInterfaces'.
TpTrace Information: 0 : 37272, 1, 2025/02/28, 23:32:39.723, 2171410143744, vstest.console.dll, AssemblyResolver.OnResolve: Microsoft.Bcl.AsyncInterfaces: Resolving assembly.
TpTrace Information: 0 : 37272, 1, 2025/02/28, 23:32:39.723, 2171410144244, vstest.console.dll, AssemblyResolver.OnResolve: Microsoft.Bcl.AsyncInterfaces: Resolved from cache.
TpTrace Verbose: 0 : 37272, 1, 2025/02/28, 23:32:39.723, 2171410144615, vstest.console.dll, CurrentDomainAssemblyResolve: Resolving assembly 'Microsoft.Bcl.AsyncInterfaces'.
TpTrace Verbose: 0 : 37272, 1, 2025/02/28, 23:32:39.723, 2171410144936, vstest.console.dll, CurrentDomainAssemblyResolve: Failed to resolve assembly 'Microsoft.Bcl.AsyncInterfaces'.
TpTrace Verbose: 0 : 37272, 1, 2025/02/28, 23:32:39.723, 2171410147080, vstest.console.dll, CurrentDomainAssemblyResolve: Failed to resolve assembly 'Microsoft.Bcl.AsyncInterfaces'.
TpTrace Warning: 0 : 37272, 1, 2025/02/28, 23:32:39.723, 2171410151128, vstest.console.dll, TestPluginDiscoverer: Failed to get types from assembly 'Microsoft.Diagnostics.NETCore.Client, Version=0.2.10.41601, Culture=neutral, PublicKeyToken=31bf3856ad364e35'. Error: System.Reflection.ReflectionTypeLoadException: Unable to load one or more of the requested types.
Could not load file or assembly 'Microsoft.Bcl.AsyncInterfaces, Version=6.0.0.0, Culture=neutral, PublicKeyToken=cc7b13ffcd2ddd51'. The system cannot find the file specified.
   at System.Reflection.RuntimeModule.GetDefinedTypes()
   at System.Reflection.RuntimeModule.GetTypes()
   at Microsoft.VisualStudio.TestPlatform.Common.ExtensionFramework.TestPluginDiscoverer.GetTestExtensionsFromAssembly[TPluginInfo,TExtension](Assembly assembly, Dictionary`2 pluginInfos, String filePath) in /_/src/Microsoft.TestPlatform.Common/ExtensionFramework/TestPluginDiscoverer.cs:line 159
System.IO.FileNotFoundException: Could not load file or assembly 'Microsoft.Bcl.AsyncInterfaces, Version=6.0.0.0, Culture=neutral, PublicKeyToken=cc7b13ffcd2ddd51'. The system cannot find the file specified.
File name: 'Microsoft.Bcl.AsyncInterfaces, Version=6.0.0.0, Culture=neutral, PublicKeyToken=cc7b13ffcd2ddd51'
 ---> System.IO.FileNotFoundException: Could not load file or assembly 'Microsoft.Bcl.AsyncInterfaces, Culture=neutral, PublicKeyToken=null'. The system cannot find the file specified.
File name: 'Microsoft.Bcl.AsyncInterfaces, Culture=neutral, PublicKeyToken=null'
   at System.Reflection.RuntimeAssembly.InternalLoad(AssemblyName assemblyName, StackCrawlMark& stackMark, AssemblyLoadContext assemblyLoadContext, RuntimeAssembly requestingAssembly, Boolean throwOnFileNotFound)
   at System.Reflection.Assembly.Load(AssemblyName assemblyRef)
   at Microsoft.VisualStudio.TestPlatform.Common.ExtensionFramework.TestPluginCache.CurrentDomainAssemblyResolve(Object sender, AssemblyResolveEventArgs args) in /_/src/Microsoft.TestPlatform.Common/ExtensionFramework/TestPluginCache.cs:line 514
   at System.Runtime.Loader.AssemblyLoadContext.GetFirstResolvedAssemblyFromResolvingEvent(AssemblyName assemblyName)
   at System.Runtime.Loader.AssemblyLoadContext.ResolveUsingEvent(AssemblyName assemblyName)
   at System.Runtime.Loader.AssemblyLoadContext.ResolveUsingResolvingEvent(IntPtr gchManagedAssemblyLoadContext, AssemblyName assemblyName)
TpTrace Warning: 0 : 37272, 1, 2025/02/28, 23:32:39.724, 2171410152961, vstest.console.dll, LoaderExceptions: System.IO.FileNotFoundException: Could not load file or assembly 'Microsoft.Bcl.AsyncInterfaces, Version=6.0.0.0, Culture=neutral, PublicKeyToken=cc7b13ffcd2ddd51'. The system cannot find the file specified.
File name: 'Microsoft.Bcl.AsyncInterfaces, Version=6.0.0.0, Culture=neutral, PublicKeyToken=cc7b13ffcd2ddd51'
 ---> System.IO.FileNotFoundException: Could not load file or assembly 'Microsoft.Bcl.AsyncInterfaces, Culture=neutral, PublicKeyToken=null'. The system cannot find the file specified.
File name: 'Microsoft.Bcl.AsyncInterfaces, Culture=neutral, PublicKeyToken=null'
   at System.Reflection.RuntimeAssembly.InternalLoad(AssemblyName assemblyName, StackCrawlMark& stackMark, AssemblyLoadContext assemblyLoadContext, RuntimeAssembly requestingAssembly, Boolean throwOnFileNotFound)
   at System.Reflection.Assembly.Load(AssemblyName assemblyRef)
   at Microsoft.VisualStudio.TestPlatform.Common.ExtensionFramework.TestPluginCache.CurrentDomainAssemblyResolve(Object sender, AssemblyResolveEventArgs args) in /_/src/Microsoft.TestPlatform.Common/ExtensionFramework/TestPluginCache.cs:line 514
   at System.Runtime.Loader.AssemblyLoadContext.GetFirstResolvedAssemblyFromResolvingEvent(AssemblyName assemblyName)
   at System.Runtime.Loader.AssemblyLoadContext.ResolveUsingEvent(AssemblyName assemblyName)
   at System.Runtime.Loader.AssemblyLoadContext.ResolveUsingResolvingEvent(IntPtr gchManagedAssemblyLoadContext, AssemblyName assemblyName)
TpTrace Verbose: 0 : 37272, 1, 2025/02/28, 23:32:39.724, 2171410154070, vstest.console.dll, MetadataReaderExtensionsHelper: Discovering extensions inside assembly 'Microsoft.TestPlatform.Extensions.BlameDataCollector, Version=15.0.0.0, Culture=neutral, PublicKeyToken=b03f5f7f11d50a3a' file path 'C:\Program Files\dotnet\sdk\9.0.103\Extensions\Microsoft.TestPlatform.Extensions.BlameDataCollector.dll'
TpTrace Information: 0 : 37272, 1, 2025/02/28, 23:32:39.725, 2171410162476, vstest.console.dll, GetTestExtensionFromType: Register extension with identifier data 'logger://Microsoft/TestPlatform/Extensions/Blame/v1' and type 'Microsoft.TestPlatform.Extensions.BlameDataCollector.BlameLogger, Microsoft.TestPlatform.Extensions.BlameDataCollector, Version=15.0.0.0, Culture=neutral, PublicKeyToken=b03f5f7f11d50a3a' inside file 'C:\Program Files\dotnet\sdk\9.0.103\Extensions\Microsoft.TestPlatform.Extensions.BlameDataCollector.dll'
TpTrace Verbose: 0 : 37272, 1, 2025/02/28, 23:32:39.725, 2171410163507, vstest.console.dll, MetadataReaderExtensionsHelper: Discovering extensions inside assembly 'Microsoft.TestPlatform.Extensions.EventLogCollector, Version=15.0.0.0, Culture=neutral, PublicKeyToken=b03f5f7f11d50a3a' file path 'C:\Program Files\dotnet\sdk\9.0.103\Extensions\Microsoft.TestPlatform.Extensions.EventLogCollector.dll'
TpTrace Verbose: 0 : 37272, 1, 2025/02/28, 23:32:39.725, 2171410169842, vstest.console.dll, MetadataReaderExtensionsHelper: Discovering extensions inside assembly 'Microsoft.TestPlatform.TestHostRuntimeProvider, Version=15.0.0.0, Culture=neutral, PublicKeyToken=b03f5f7f11d50a3a' file path 'C:\Program Files\dotnet\sdk\9.0.103\Extensions\Microsoft.TestPlatform.TestHostRuntimeProvider.dll'
TpTrace Verbose: 0 : 37272, 1, 2025/02/28, 23:32:39.726, 2171410175688, vstest.console.dll, MetadataReaderExtensionsHelper: Discovering extensions inside assembly 'Microsoft.VisualStudio.TestPlatform.Extensions.Html.TestLogger, Version=15.0.0.0, Culture=neutral, PublicKeyToken=b03f5f7f11d50a3a' file path 'C:\Program Files\dotnet\sdk\9.0.103\Extensions\Microsoft.VisualStudio.TestPlatform.Extensions.Html.TestLogger.dll'
TpTrace Information: 0 : 37272, 1, 2025/02/28, 23:32:39.727, 2171410186867, vstest.console.dll, GetTestExtensionFromType: Register extension with identifier data 'logger://Microsoft/TestPlatform/HtmlLogger/v1' and type 'Microsoft.VisualStudio.TestPlatform.Extensions.HtmlLogger.HtmlLogger, Microsoft.VisualStudio.TestPlatform.Extensions.Html.TestLogger, Version=15.0.0.0, Culture=neutral, PublicKeyToken=b03f5f7f11d50a3a' inside file 'C:\Program Files\dotnet\sdk\9.0.103\Extensions\Microsoft.VisualStudio.TestPlatform.Extensions.Html.TestLogger.dll'
TpTrace Verbose: 0 : 37272, 1, 2025/02/28, 23:32:39.727, 2171410188359, vstest.console.dll, MetadataReaderExtensionsHelper: Discovering extensions inside assembly 'Microsoft.VisualStudio.TestPlatform.Extensions.Trx.TestLogger, Version=15.0.0.0, Culture=neutral, PublicKeyToken=b03f5f7f11d50a3a' file path 'C:\Program Files\dotnet\sdk\9.0.103\Extensions\Microsoft.VisualStudio.TestPlatform.Extensions.Trx.TestLogger.dll'
TpTrace Information: 0 : 37272, 1, 2025/02/28, 23:32:39.728, 2171410196810, vstest.console.dll, GetTestExtensionFromType: Register extension with identifier data 'logger://Microsoft/TestPlatform/TrxLogger/v1' and type 'Microsoft.VisualStudio.TestPlatform.Extensions.TrxLogger.TrxLogger, Microsoft.VisualStudio.TestPlatform.Extensions.Trx.TestLogger, Version=15.0.0.0, Culture=neutral, PublicKeyToken=b03f5f7f11d50a3a' inside file 'C:\Program Files\dotnet\sdk\9.0.103\Extensions\Microsoft.VisualStudio.TestPlatform.Extensions.Trx.TestLogger.dll'
TpTrace Verbose: 0 : 37272, 1, 2025/02/28, 23:32:39.728, 2171410197750, vstest.console.dll, TestPluginCache: Discovered the extensions using extension path ''.
TpTrace Verbose: 0 : 37272, 1, 2025/02/28, 23:32:39.728, 2171410198053, vstest.console.dll, TestPluginCache: Discoverers are ''.
TpTrace Verbose: 0 : 37272, 1, 2025/02/28, 23:32:39.728, 2171410198255, vstest.console.dll, TestPluginCache: Executors are ''.
TpTrace Verbose: 0 : 37272, 1, 2025/02/28, 23:32:39.728, 2171410198416, vstest.console.dll, TestPluginCache: Executors2 are ''.
TpTrace Verbose: 0 : 37272, 1, 2025/02/28, 23:32:39.728, 2171410198573, vstest.console.dll, TestPluginCache: Setting providers are ''.
TpTrace Verbose: 0 : 37272, 1, 2025/02/28, 23:32:39.729, 2171410201550, vstest.console.dll, TestPluginCache: Loggers are 'logger://Microsoft/TestPlatform/Extensions/Blame/v1,logger://Microsoft/TestPlatform/HtmlLogger/v1,logger://Microsoft/TestPlatform/TrxLogger/v1'.
TpTrace Verbose: 0 : 37272, 1, 2025/02/28, 23:32:39.729, 2171410202341, vstest.console.dll, TestPluginCache: TestHosts are 'HostProvider://DefaultTestHost,HostProvider://DotnetTestHost'.
TpTrace Verbose: 0 : 37272, 1, 2025/02/28, 23:32:39.729, 2171410202579, vstest.console.dll, TestPluginCache: DataCollectors are ''.
TpTrace Information: 0 : 37272, 1, 2025/02/28, 23:32:39.730, 2171410211601, vstest.console.dll, TestPluginManager.CreateTestExtension: Attempting to load test extension: Microsoft.TestPlatform.Extensions.BlameDataCollector.BlameLogger
TpTrace Verbose: 0 : 37272, 1, 2025/02/28, 23:32:39.741, 2171410323727, vstest.console.dll, TestEngine: Initializing Parallel Execution as MaxCpuCount is set to: 1
TpTrace Information: 0 : 37272, 1, 2025/02/28, 23:32:39.742, 2171410339305, vstest.console.dll, TestPluginManager.CreateTestExtension: Attempting to load test extension: Microsoft.VisualStudio.TestPlatform.CrossPlatEngine.Hosting.DefaultTestHostManager
TpTrace Information: 0 : 37272, 1, 2025/02/28, 23:32:39.744, 2171410353165, vstest.console.dll, TestPluginManager.CreateTestExtension: Attempting to load test extension: Microsoft.VisualStudio.TestPlatform.CrossPlatEngine.Hosting.DotnetTestHostManager
TpTrace Verbose: 0 : 37272, 1, 2025/02/28, 23:32:39.744, 2171410355526, vstest.console.dll, TestHostManagerCallbacks.ctor: Forwarding output is enabled.
TpTrace Information: 0 : 37272, 1, 2025/02/28, 23:32:39.744, 2171410359225, vstest.console.dll, InferRunSettingsHelper.IsTestSettingsEnabled: Unable to navigate to RunSettings/MSTest. Current node: RunSettings
TpTrace Verbose: 0 : 37272, 1, 2025/02/28, 23:32:39.745, 2171410366743, vstest.console.dll, ParallelOperationManager.ClearSlots: Clearing all slots. Slots should accept more work: True
TpTrace Verbose: 0 : 37272, 1, 2025/02/28, 23:32:39.746, 2171410372634, vstest.console.dll, ParallelOperationManager.SetOccupiedSlotCount: Setting slot counts AvailableSlotCount = 1, OccupiedSlotCount = 0.
TpTrace Verbose: 0 : 37272, 1, 2025/02/28, 23:32:39.746, 2171410376006, vstest.console.dll, Occupied slots:

TpTrace Verbose: 0 : 37272, 1, 2025/02/28, 23:32:39.749, 2171410402217, vstest.console.dll, TestEngine.GetExecutionManager: Chosen execution manager 'Microsoft.VisualStudio.TestPlatform.CrossPlatEngine.Client.Parallel.ParallelProxyExecutionManager, Microsoft.TestPlatform.CrossPlatEngine, Version=15.0.0.0, Culture=neutral, PublicKeyToken=b03f5f7f11d50a3a' ParallelLevel '1'.
TpTrace Verbose: 0 : 37272, 1, 2025/02/28, 23:32:39.749, 2171410404374, vstest.console.dll, TestPlatform.GetSkipDefaultAdapters: Not skipping default adapters SkipDefaultAdapters was false.
TpTrace Verbose: 0 : 37272, 1, 2025/02/28, 23:32:39.749, 2171410405281, vstest.console.dll, TestRunRequest.ExecuteAsync: Creating test run request.
TpTrace Verbose: 0 : 37272, 1, 2025/02/28, 23:32:39.749, 2171410407517, vstest.console.dll, TestRunRequest.ExecuteAsync: Starting.
TpTrace Information: 0 : 37272, 1, 2025/02/28, 23:32:39.750, 2171410415987, vstest.console.dll, TestRunRequest.ExecuteAsync: Starting run with settings:TestRunCriteria:
   KeepAlive=False,FrequencyOfRunStatsChangeEvent=10,RunStatsChangeEventTimeout=00:00:01.5000000,TestCaseFilter=,TestExecutorLauncher=
   Settingsxml=<RunSettings>
  <RunConfiguration>
    <ResultsDirectory>C:\Users\USER\Documents\002 HICHEELUUD\windows\Lab-Windows\Laboratory-2\TestProject1\bin\Debug\net8.0\fine-code-coverage\coverage-tool-output</ResultsDirectory>
    <TargetPlatform>X64</TargetPlatform>
    <TargetFrameworkVersion>.NETCoreApp,Version=v8.0</TargetFrameworkVersion>
    <DesignMode>False</DesignMode>
    <CollectSourceInformation>False</CollectSourceInformation>
  </RunConfiguration>
  <LoggerRunSettings>
    <Loggers>
      <Logger friendlyName="blame" enabled="True" />
      <Logger friendlyName="Console" uri="logger://microsoft/TestPlatform/ConsoleLogger/v1" assemblyQualifiedName="Microsoft.VisualStudio.TestPlatform.CommandLine.Internal.ConsoleLogger, vstest.console, Version=15.0.0.0, Culture=neutral, PublicKeyToken=b03f5f7f11d50a3a" codeBase="C:\Program Files\dotnet\sdk\9.0.103\vstest.console.dll" enabled="True" />
    </Loggers>
  </LoggerRunSettings>
  <DataCollectionRunSettings>
    <DataCollectors>
      <DataCollector friendlyName="blame" enabled="True">
        <Configuration>
          <ResultsDirectory>C:\Users\USER\Documents\002 HICHEELUUD\windows\Lab-Windows\Laboratory-2\TestProject1\bin\Debug\net8.0\fine-code-coverage\coverage-tool-output</ResultsDirectory>
        </Configuration>
      </DataCollector>
    </DataCollectors>
  </DataCollectionRunSettings>
</RunSettings>

TpTrace Verbose: 0 : 37272, 1, 2025/02/28, 23:32:39.750, 2171410416693, vstest.console.dll, TestRunRequest.ExecuteAsync: Wait for the first run request is over.
TpTrace Verbose: 0 : 37272, 1, 2025/02/28, 23:32:39.750, 2171410420046, vstest.console.dll, MulticastDelegateUtilities.SafeInvoke: TestRun.TestRunStart: Invoking callbacks was skipped because there are no subscribers.
TpTrace Verbose: 0 : 37272, 4, 2025/02/28, 23:32:39.751, 2171410421703, vstest.console.dll, MulticastDelegateUtilities.SafeInvoke: InternalTestLoggerEvents.SendTestRunStart: Invoking callback 1/1 for Microsoft.VisualStudio.TestPlatform.CommandLine.Internal.ConsoleLogger., took 0 ms.
TpTrace Verbose: 0 : 37272, 1, 2025/02/28, 23:32:39.752, 2171410431566, vstest.console.dll, ParallelProxyExecutionManager: Start execution. Total sources: 1
TpTrace Verbose: 0 : 37272, 1, 2025/02/28, 23:32:39.752, 2171410434648, vstest.console.dll, ParallelOperationManager.StartWork: Starting adding 1 workloads.
TpTrace Verbose: 0 : 37272, 1, 2025/02/28, 23:32:39.752, 2171410435479, vstest.console.dll, ParallelOperationManager.ClearSlots: Clearing all slots. Slots should accept more work: True
TpTrace Verbose: 0 : 37272, 1, 2025/02/28, 23:32:39.752, 2171410436119, vstest.console.dll, ParallelOperationManager.SetOccupiedSlotCount: Setting slot counts AvailableSlotCount = 1, OccupiedSlotCount = 0.
TpTrace Verbose: 0 : 37272, 1, 2025/02/28, 23:32:39.752, 2171410436428, vstest.console.dll, Occupied slots:

TpTrace Verbose: 0 : 37272, 1, 2025/02/28, 23:32:39.753, 2171410446826, vstest.console.dll, TestHostManagerCallbacks.ctor: Forwarding output is enabled.
TpTrace Verbose: 0 : 37272, 1, 2025/02/28, 23:32:39.753, 2171410449144, vstest.console.dll, TestRequestSender is acting as server.
TpTrace Verbose: 0 : 37272, 1, 2025/02/28, 23:32:39.755, 2171410463875, vstest.console.dll, ParallelOperationManager.RunWorkInParallel: Adding 1 workload to slot, remaining workloads 0.
TpTrace Verbose: 0 : 37272, 1, 2025/02/28, 23:32:39.755, 2171410465001, vstest.console.dll, ParallelOperationManager.SetOccupiedSlotCount: Setting slot counts AvailableSlotCount = 0, OccupiedSlotCount = 1.
TpTrace Verbose: 0 : 37272, 1, 2025/02/28, 23:32:39.755, 2171410466050, vstest.console.dll, Occupied slots:
0: C:\Users\USER\Documents\002 HICHEELUUD\windows\Lab-Windows\Laboratory-2\TestProject1\bin\Debug\net8.0\fine-code-coverage\build-output\TestProject1.dll
TpTrace Verbose: 0 : 37272, 1, 2025/02/28, 23:32:39.756, 2171410475655, vstest.console.dll, ParallelOperationManager.RunWorkInParallel: Started host in slot number 0 for work (source): C:\Users\USER\Documents\002 HICHEELUUD\windows\Lab-Windows\Laboratory-2\TestProject1\bin\Debug\net8.0\fine-code-coverage\build-output\TestProject1.dll.
TpTrace Verbose: 0 : 37272, 1, 2025/02/28, 23:32:39.757, 2171410482604, vstest.console.dll, ParallelOperationManager.RunWorkInParallel: We started 1 work items, which is the max parallel level. Won't start more work.
TpTrace Verbose: 0 : 37272, 5, 2025/02/28, 23:32:39.757, 2171410484032, vstest.console.dll, ParallelProxyExecutionManager.StartTestRunOnConcurrentManager: Initializing uninitialized client. Started clients: 0
TpTrace Verbose: 0 : 37272, 1, 2025/02/28, 23:32:39.757, 2171410484319, vstest.console.dll, ParallelOperationManager.RunWorkInParallel: We started 1 work items in here, returning True.
TpTrace Information: 0 : 37272, 1, 2025/02/28, 23:32:39.757, 2171410485933, vstest.console.dll, TestRunRequest.ExecuteAsync: Started.
TpTrace Verbose: 0 : 37272, 5, 2025/02/28, 23:32:39.757, 2171410486369, vstest.console.dll, DataCollectionRequestSender.InitializeCommunication : Initialize communication. 
TpTrace Verbose: 0 : 37272, 1, 2025/02/28, 23:32:39.758, 2171410492075, vstest.console.dll, TestRunRequest.WaitForCompletion: Waiting with timeout -1.
TpTrace Information: 0 : 37272, 5, 2025/02/28, 23:32:39.766, 2171410575391, vstest.console.dll, Listening on Endpoint : 127.0.0.1:62751
TpTrace Verbose: 0 : 37272, 5, 2025/02/28, 23:32:39.774, 2171410657422, vstest.console.dll, DotnetDataCollectionLauncher: Adding  --runtimeconfig "C:\Program Files\dotnet\sdk\9.0.103\datacollector.runtimeconfig.json" in args
TpTrace Verbose: 0 : 37272, 5, 2025/02/28, 23:32:39.774, 2171410659154, vstest.console.dll, DotnetDataCollectionLauncher: Adding  --depsfile "C:\Program Files\dotnet\sdk\9.0.103\datacollector.deps.json" in args
TpTrace Verbose: 0 : 37272, 5, 2025/02/28, 23:32:39.775, 2171410661377, vstest.console.dll, DotnetDataCollectionLauncher: Full path of dotnet.exe is C:\Program Files\dotnet\dotnet.exe
TpTrace Information: 0 : 37272, 5, 2025/02/28, 23:32:39.783, 2171410746655, vstest.console.dll, ProxyDataCollectionManager.Initialize: Launched datacollector processId: 38524 port: 62751
TpTrace Information: 0 : 37272, 5, 2025/02/28, 23:32:39.783, 2171410748171, vstest.console.dll, ProxyDataCollectionManager.Initialize: waiting for connection with timeout: 90 seconds
TpTrace Verbose: 0 : 37272, 5, 2025/02/28, 23:32:39.783, 2171410749172, vstest.console.dll, DataCollectionRequestSender.WaitForRequestHandlerConnection : Waiting for connection with timeout: 90000
TpTrace Information: 0 : 37272, 9, 2025/02/28, 23:32:39.914, 2171412054842, vstest.console.dll, Using the buffer size of 16384 bytes
TpTrace Verbose: 0 : 37272, 5, 2025/02/28, 23:32:39.914, 2171412054930, vstest.console.dll, SocketCommunicationManager.WaitForClientConnection took: 130 ms, with 90000 ms timeout, and finished with True.
TpTrace Information: 0 : 37272, 9, 2025/02/28, 23:32:39.914, 2171412055873, vstest.console.dll, Accepted Client request and set the flag
TpTrace Verbose: 0 : 37272, 5, 2025/02/28, 23:32:39.914, 2171412057262, vstest.console.dll, ProxyDataCollectionManager.InvokeDataCollectionServiceAction: Starting.
TpTrace Information: 0 : 37272, 5, 2025/02/28, 23:32:39.914, 2171412057848, vstest.console.dll, ProxyDataCollectionManager.BeforeTestRunStart: Get environment variable and port for datacollector processId: 38524 port: 62751
TpTrace Verbose: 0 : 37272, 5, 2025/02/28, 23:32:39.914, 2171412058684, vstest.console.dll, DataCollectionRequestSender.SendBeforeTestRunStartAndGetResult: Send BeforeTestRunStart message with settingsXml <RunSettings><RunConfiguration><ResultsDirectory>C:\Users\USER\Documents\002 HICHEELUUD\windows\Lab-Windows\Laboratory-2\TestProject1\bin\Debug\net8.0\fine-code-coverage\coverage-tool-output</ResultsDirectory><TargetPlatform>X64</TargetPlatform><TargetFrameworkVersion>.NETCoreApp,Version=v8.0</TargetFrameworkVersion><DesignMode>False</DesignMode><CollectSourceInformation>False</CollectSourceInformation><TestAdaptersPaths>C:\Program Files\dotnet\sdk\9.0.103\Extensions</TestAdaptersPaths></RunConfiguration><LoggerRunSettings><Loggers><Logger friendlyName="blame" enabled="True" /><Logger friendlyName="Console" uri="logger://microsoft/TestPlatform/ConsoleLogger/v1" assemblyQualifiedName="Microsoft.VisualStudio.TestPlatform.CommandLine.Internal.ConsoleLogger, vstest.console, Version=15.0.0.0, Culture=neutral, PublicKeyToken=b03f5f7f11d50a3a" codeBase="C:\Program Files\dotnet\sdk\9.0.103\vstest.console.dll" enabled="True" /></Loggers></LoggerRunSettings><DataCollectionRunSettings><DataCollectors><DataCollector friendlyName="blame" enabled="True"><Configuration><ResultsDirectory>C:\Users\USER\Documents\002 HICHEELUUD\windows\Lab-Windows\Laboratory-2\TestProject1\bin\Debug\net8.0\fine-code-coverage\coverage-tool-output</ResultsDirectory></Configuration></DataCollector></DataCollectors></DataCollectionRunSettings></RunSettings> and sources System.Collections.Generic.List`1[System.String]: 
TpTrace Verbose: 0 : 37272, 5, 2025/02/28, 23:32:39.982, 2171412737553, vstest.console.dll, DataCollectionRequestSender.SendBeforeTestRunStartAndGetResult: Received message: (DataCollection.SendMessage) -> {"MessageType":"DataCollection.SendMessage","Payload":{"FriendlyName":null,"Uri":null,"TestCaseId":"00000000-0000-0000-0000-000000000000","Message":"Logging DataCollector Diagnostics in file: C:\\Users\\USER\\Documents\\002 HICHEELUUD\\windows\\Lab-Windows\\Laboratory-2\\TestProject1\\bin\\Debug\\net8.0\\fine-code-coverage\\coverage-tool-output\\diagnostics.datacollector.25-02-28_23-32-39_77434_5.log","Level":0}}
TpTrace Verbose: 0 : 37272, 5, 2025/02/28, 23:32:40.067, 2171413582674, vstest.console.dll, DataCollectionRequestSender.SendBeforeTestRunStartAndGetResult: Received message: (DataCollection.BeforeTestRunStartResult) -> {"MessageType":"DataCollection.BeforeTestRunStartResult","Payload":{"EnvironmentVariables":{},"DataCollectionEventsPort":62756}}
TpTrace Information: 0 : 37272, 5, 2025/02/28, 23:32:40.072, 2171413634021, vstest.console.dll, ProxyDataCollectionManager.BeforeTestRunStart: SendBeforeTestRunStartAndGetResult successful, env variable from datacollector:   and testhost port: 62756
TpTrace Information: 0 : 37272, 5, 2025/02/28, 23:32:40.072, 2171413635039, vstest.console.dll, ProxyDataCollectionManager.InvokeDataCollectionServiceAction: Completed.
TpTrace Verbose: 0 : 37272, 5, 2025/02/28, 23:32:40.072, 2171413635321, vstest.console.dll, ParallelProxyExecutionManager.StartTestRunOnConcurrentManager: Initializing test run. Started clients: 0
TpTrace Verbose: 0 : 37272, 5, 2025/02/28, 23:32:40.072, 2171413636110, vstest.console.dll, ProxyExecutionManager: Test host is always Lazy initialize.
TpTrace Verbose: 0 : 37272, 5, 2025/02/28, 23:32:40.072, 2171413638249, vstest.console.dll, TestRequestSender.InitializeCommunication: initialize communication. 
TpTrace Information: 0 : 37272, 5, 2025/02/28, 23:32:40.073, 2171413643313, vstest.console.dll, SocketServer.Start: Listening on endpoint : 127.0.0.1:62757
TpTrace Verbose: 0 : 37272, 5, 2025/02/28, 23:32:40.073, 2171413649624, vstest.console.dll, DotnetTestHostmanager.GetTestHostProcessStartInfo: Platform environment 'X64' target architecture 'X64' framework '.NETCoreApp,Version=v8.0' OS 'Windows'
TpTrace Verbose: 0 : 37272, 5, 2025/02/28, 23:32:40.073, 2171413651343, vstest.console.dll, DotnetTestHostmanager: Adding  --runtimeconfig "C:\Users\USER\Documents\002 HICHEELUUD\windows\Lab-Windows\Laboratory-2\TestProject1\bin\Debug\net8.0\fine-code-coverage\build-output\TestProject1.runtimeconfig.json" in args
TpTrace Verbose: 0 : 37272, 5, 2025/02/28, 23:32:40.074, 2171413652266, vstest.console.dll, DotnetTestHostmanager: Adding  --depsfile "C:\Users\USER\Documents\002 HICHEELUUD\windows\Lab-Windows\Laboratory-2\TestProject1\bin\Debug\net8.0\fine-code-coverage\build-output\TestProject1.deps.json" in args
TpTrace Verbose: 0 : 37272, 5, 2025/02/28, 23:32:40.074, 2171413654679, vstest.console.dll, DotnetTestHostmanager.IsWinOnArm: Current PROCESSOR_ARCHITECTURE from environment variable 'AMD64'
TpTrace Verbose: 0 : 37272, 5, 2025/02/28, 23:32:40.074, 2171413655173, vstest.console.dll, DotnetTestHostmanager.IsWinOnArm: Is Windows on ARM 'False'
TpTrace Verbose: 0 : 37272, 5, 2025/02/28, 23:32:40.074, 2171413655932, vstest.console.dll, DotnetTestHostManager: testhost.exe found at path: C:\Users\USER\Documents\002 HICHEELUUD\windows\Lab-Windows\Laboratory-2\TestProject1\bin\Debug\net8.0\fine-code-coverage\build-output\testhost.exe
TpTrace Verbose: 0 : 37272, 5, 2025/02/28, 23:32:40.074, 2171413656297, vstest.console.dll, DotnetTestHostmanager: Full path of host exe is C:\Users\USER\Documents\002 HICHEELUUD\windows\Lab-Windows\Laboratory-2\TestProject1\bin\Debug\net8.0\fine-code-coverage\build-output\testhost.exe
TpTrace Verbose: 0 : 37272, 5, 2025/02/28, 23:32:40.074, 2171413657244, vstest.console.dll, DotnetTestHostmanager.LaunchTestHostAsync: Found 'VSTEST_WINAPPHOST_DOTNET_ROOT' in env variables, value 'C:\Program Files\dotnet', forwarding to 'DOTNET_ROOT'
TpTrace Verbose: 0 : 37272, 5, 2025/02/28, 23:32:40.074, 2171413658558, vstest.console.dll, DotnetTestHostManager: Starting process 'C:\Users\USER\Documents\002 HICHEELUUD\windows\Lab-Windows\Laboratory-2\TestProject1\bin\Debug\net8.0\fine-code-coverage\build-output\testhost.exe' with command line ' --runtimeconfig "C:\Users\USER\Documents\002 HICHEELUUD\windows\Lab-Windows\Laboratory-2\TestProject1\bin\Debug\net8.0\fine-code-coverage\build-output\TestProject1.runtimeconfig.json" --depsfile "C:\Users\USER\Documents\002 HICHEELUUD\windows\Lab-Windows\Laboratory-2\TestProject1\bin\Debug\net8.0\fine-code-coverage\build-output\TestProject1.deps.json" --port 62757 --endpoint 127.0.0.1:062757 --role client --parentprocessid 37272 --diag "C:\Users\USER\Documents\002 HICHEELUUD\windows\Lab-Windows\Laboratory-2\TestProject1\bin\Debug\net8.0\fine-code-coverage\coverage-tool-output\diagnostics.host.25-02-28_23-32-40_07353_5.log" --tracelevel 4 --datacollectionport 62756 --telemetryoptedin false'
TpTrace Verbose: 0 : 37272, 5, 2025/02/28, 23:32:40.081, 2171413730653, vstest.console.dll, MulticastDelegateUtilities.SafeInvoke: HostProviderEvents.OnHostLaunched: Invoking callback 1/2 for Microsoft.VisualStudio.TestPlatform.CrossPlatEngine.Client.ProxyExecutionManagerWithDataCollection., took 1 ms.
TpTrace Verbose: 0 : 37272, 5, 2025/02/28, 23:32:40.082, 2171413740755, vstest.console.dll, Test Runtime launched
TpTrace Verbose: 0 : 37272, 5, 2025/02/28, 23:32:40.083, 2171413742717, vstest.console.dll, MulticastDelegateUtilities.SafeInvoke: HostProviderEvents.OnHostLaunched: Invoking callback 2/2 for Microsoft.VisualStudio.TestPlatform.CrossPlatEngine.Client.ProxyOperationManager., took 1 ms.
TpTrace Verbose: 0 : 37272, 5, 2025/02/28, 23:32:40.083, 2171413744570, vstest.console.dll, TestRequestSender.WaitForRequestHandlerConnection: waiting for connection with timeout: 90000.
TpTrace Verbose: 0 : 37272, 5, 2025/02/28, 23:32:40.216, 2171415072098, vstest.console.dll, TestRequestSender.WaitForRequestHandlerConnection: waiting took 132 ms, with timeout 90000 ms, and result 0, which is success.
TpTrace Verbose: 0 : 37272, 12, 2025/02/28, 23:32:40.216, 2171415072098, vstest.console.dll, MulticastDelegateUtilities.SafeInvoke: SocketServer: ClientConnected: Invoking callback 1/1 for Microsoft.VisualStudio.TestPlatform.CommunicationUtilities.TestRequestSender., took 0 ms.
TpTrace Verbose: 0 : 37272, 12, 2025/02/28, 23:32:40.216, 2171415075133, vstest.console.dll, SocketServer.OnClientConnected: Client connected for endPoint: 127.0.0.1:62757, starting MessageLoopAsync:
TpTrace Verbose: 0 : 37272, 13, 2025/02/28, 23:32:40.216, 2171415079160, vstest.console.dll, TcpClientExtensions.MessageLoopAsync: Polling on remoteEndPoint: 127.0.0.1:62758 localEndPoint: 127.0.0.1:62757 after 0 ms
TpTrace Verbose: 0 : 37272, 5, 2025/02/28, 23:32:40.217, 2171415082472, vstest.console.dll, TestRequestSender.CheckVersionWithTestHost: Sending check version message: {"MessageType":"ProtocolVersion","Payload":7}
TpTrace Verbose: 0 : 37272, 13, 2025/02/28, 23:32:40.303, 2171415951063, vstest.console.dll, TcpClientExtensions.MessageLoopAsync: NotifyDataAvailable remoteEndPoint: 127.0.0.1:62758 localEndPoint: 127.0.0.1:62757
TpTrace Verbose: 0 : 37272, 13, 2025/02/28, 23:32:40.304, 2171415953384, vstest.console.dll, TestRequestSender.CheckVersionWithTestHost: onMessageReceived received message: (ProtocolVersion) -> {"MessageType":"ProtocolVersion","Payload":7}
TpTrace Verbose: 0 : 37272, 13, 2025/02/28, 23:32:40.304, 2171415960773, vstest.console.dll, MulticastDelegateUtilities.SafeInvoke: LengthPrefixCommunicationChannel: MessageReceived: Invoking callback 1/1 for Microsoft.VisualStudio.TestPlatform.CommunicationUtilities.TestRequestSender+<>c__DisplayClass29_0., took 0 ms.
TpTrace Verbose: 0 : 37272, 5, 2025/02/28, 23:32:40.305, 2171415961861, vstest.console.dll, TestPluginCache.GetExtensionPaths: Filtered extension paths: 
TpTrace Verbose: 0 : 37272, 13, 2025/02/28, 23:32:40.305, 2171415965420, vstest.console.dll, TcpClientExtensions.MessageLoopAsync: Polling on remoteEndPoint: 127.0.0.1:62758 localEndPoint: 127.0.0.1:62757 after 88 ms
TpTrace Verbose: 0 : 37272, 5, 2025/02/28, 23:32:40.305, 2171415965650, vstest.console.dll, TestPluginCache.GetExtensionPaths: Added default extension paths: C:\Program Files\dotnet\sdk\9.0.103\Extensions\Microsoft.Diagnostics.NETCore.Client.dll
C:\Program Files\dotnet\sdk\9.0.103\Extensions\Microsoft.TestPlatform.Extensions.BlameDataCollector.dll
C:\Program Files\dotnet\sdk\9.0.103\Extensions\Microsoft.TestPlatform.Extensions.EventLogCollector.dll
C:\Program Files\dotnet\sdk\9.0.103\Extensions\Microsoft.TestPlatform.TestHostRuntimeProvider.dll
C:\Program Files\dotnet\sdk\9.0.103\Extensions\Microsoft.VisualStudio.TestPlatform.Extensions.Html.TestLogger.dll
C:\Program Files\dotnet\sdk\9.0.103\Extensions\Microsoft.VisualStudio.TestPlatform.Extensions.Trx.TestLogger.dll
TpTrace Verbose: 0 : 37272, 5, 2025/02/28, 23:32:40.305, 2171415966533, vstest.console.dll, TestPluginCache.GetExtensionPaths: Added unfilterableExtensionPaths: 
TpTrace Verbose: 0 : 37272, 5, 2025/02/28, 23:32:40.307, 2171415988839, vstest.console.dll, TestRequestSender.InitializeExecution: Sending initialize execution with message: {"Version":7,"MessageType":"TestExecution.Initialize","Payload":["C:\\Users\\USER\\Documents\\002 HICHEELUUD\\windows\\Lab-Windows\\Laboratory-2\\TestProject1\\bin\\Debug\\net8.0\\fine-code-coverage\\build-output\\Microsoft.VisualStudio.TestPlatform.MSTest.TestAdapter.dll"]}
TpTrace Verbose: 0 : 37272, 5, 2025/02/28, 23:32:40.307, 2171415990730, vstest.console.dll, ParallelProxyExecutionManager.StartTestRunOnConcurrentManager: Execution starting. Started clients: 1
TpTrace Verbose: 0 : 37272, 5, 2025/02/28, 23:32:40.308, 2171415992801, vstest.console.dll, TestRunRequest:SendTestRunMessage: Starting.
TpTrace Verbose: 0 : 37272, 5, 2025/02/28, 23:32:40.308, 2171415994101, vstest.console.dll, MulticastDelegateUtilities.SafeInvoke: TestRun.LogMessages: Invoking callback 1/1 for Microsoft.VisualStudio.TestPlatform.CommandLine.TestRunResultAggregator., took 0 ms.
TpTrace Information: 0 : 37272, 5, 2025/02/28, 23:32:40.308, 2171415994393, vstest.console.dll, TestRunRequest:SendTestRunMessage: Completed.
TpTrace Verbose: 0 : 37272, 4, 2025/02/28, 23:32:40.308, 2171415995661, vstest.console.dll, MulticastDelegateUtilities.SafeInvoke: InternalTestLoggerEvents.SendTestRunMessage: Invoking callback 1/1 for Microsoft.VisualStudio.TestPlatform.CommandLine.Internal.ConsoleLogger., took 0 ms.
TpTrace Warning: 0 : 37272, 5, 2025/02/28, 23:32:40.308, 2171415997066, vstest.console.dll, InferRunSettingsHelper.MakeRunsettingsCompatible: Removing the following settings: TargetPlatform from RunSettings file. To use those settings please move to latest version of Microsoft.NET.Test.Sdk
TpTrace Verbose: 0 : 37272, 13, 2025/02/28, 23:32:40.308, 2171415997607, vstest.console.dll, TcpClientExtensions.MessageLoopAsync: NotifyDataAvailable remoteEndPoint: 127.0.0.1:62758 localEndPoint: 127.0.0.1:62757
TpTrace Verbose: 0 : 37272, 13, 2025/02/28, 23:32:40.309, 2171416001914, vstest.console.dll, TestRequestSender.OnExecutionMessageReceived: Received message: {"Version":7,"MessageType":"TestSession.Message","Payload":{"MessageLevel":0,"Message":"Logging TestHost Diagnostics in file: C:\\Users\\USER\\Documents\\002 HICHEELUUD\\windows\\Lab-Windows\\Laboratory-2\\TestProject1\\bin\\Debug\\net8.0\\fine-code-coverage\\coverage-tool-output\\diagnostics.host.25-02-28_23-32-40_07353_5.log"}}
TpTrace Verbose: 0 : 37272, 13, 2025/02/28, 23:32:40.311, 2171416022877, vstest.console.dll, TestRunRequest:SendTestRunMessage: Starting.
TpTrace Verbose: 0 : 37272, 13, 2025/02/28, 23:32:40.311, 2171416024118, vstest.console.dll, MulticastDelegateUtilities.SafeInvoke: TestRun.LogMessages: Invoking callback 1/1 for Microsoft.VisualStudio.TestPlatform.CommandLine.TestRunResultAggregator., took 0 ms.
TpTrace Verbose: 0 : 37272, 4, 2025/02/28, 23:32:40.311, 2171416024293, vstest.console.dll, MulticastDelegateUtilities.SafeInvoke: InternalTestLoggerEvents.SendTestRunMessage: Invoking callback 1/1 for Microsoft.VisualStudio.TestPlatform.CommandLine.Internal.ConsoleLogger., took 0 ms.
TpTrace Information: 0 : 37272, 13, 2025/02/28, 23:32:40.311, 2171416024430, vstest.console.dll, TestRunRequest:SendTestRunMessage: Completed.
TpTrace Verbose: 0 : 37272, 13, 2025/02/28, 23:32:40.311, 2171416025381, vstest.console.dll, MulticastDelegateUtilities.SafeInvoke: LengthPrefixCommunicationChannel: MessageReceived: Invoking callback 1/1 for Microsoft.VisualStudio.TestPlatform.CommunicationUtilities.TestRequestSender+<>c__DisplayClass34_0., took 2 ms.
TpTrace Verbose: 0 : 37272, 13, 2025/02/28, 23:32:40.311, 2171416025637, vstest.console.dll, TcpClientExtensions.MessageLoopAsync: Polling on remoteEndPoint: 127.0.0.1:62758 localEndPoint: 127.0.0.1:62757 after 5 ms
TpTrace Verbose: 0 : 37272, 5, 2025/02/28, 23:32:40.314, 2171416061238, vstest.console.dll, TestRequestSender.StartTestRun: Sending test run with message: {"Version":7,"MessageType":"TestExecution.StartWithSources","Payload":{"AdapterSourceMap":{"_none_":["C:\\Users\\USER\\Documents\\002 HICHEELUUD\\windows\\Lab-Windows\\Laboratory-2\\TestProject1\\bin\\Debug\\net8.0\\fine-code-coverage\\build-output\\TestProject1.dll"]},"RunSettings":"<RunSettings>\r\n  <RunConfiguration>\r\n    <ResultsDirectory>C:\\Users\\USER\\Documents\\002 HICHEELUUD\\windows\\Lab-Windows\\Laboratory-2\\TestProject1\\bin\\Debug\\net8.0\\fine-code-coverage\\coverage-tool-output</ResultsDirectory>\r\n    <TargetFrameworkVersion>.NETCoreApp,Version=v8.0</TargetFrameworkVersion>\r\n    <DesignMode>False</DesignMode>\r\n    <CollectSourceInformation>False</CollectSourceInformation>\r\n  </RunConfiguration>\r\n  <LoggerRunSettings>\r\n    <Loggers>\r\n      <Logger friendlyName=\"blame\" enabled=\"True\" />\r\n      <Logger friendlyName=\"Console\" uri=\"logger://microsoft/TestPlatform/ConsoleLogger/v1\" assemblyQualifiedName=\"Microsoft.VisualStudio.TestPlatform.CommandLine.Internal.ConsoleLogger, vstest.console, Version=15.0.0.0, Culture=neutral, PublicKeyToken=b03f5f7f11d50a3a\" codeBase=\"C:\\Program Files\\dotnet\\sdk\\9.0.103\\vstest.console.dll\" enabled=\"True\" />\r\n    </Loggers>\r\n  </LoggerRunSettings>\r\n  <DataCollectionRunSettings>\r\n    <DataCollectors>\r\n      <DataCollector friendlyName=\"blame\" enabled=\"True\">\r\n        <Configuration>\r\n          <ResultsDirectory>C:\\Users\\USER\\Documents\\002 HICHEELUUD\\windows\\Lab-Windows\\Laboratory-2\\TestProject1\\bin\\Debug\\net8.0\\fine-code-coverage\\coverage-tool-output</ResultsDirectory>\r\n        </Configuration>\r\n      </DataCollector>\r\n    </DataCollectors>\r\n  </DataCollectionRunSettings>\r\n</RunSettings>","TestExecutionContext":{"FrequencyOfRunStatsChangeEvent":10,"RunStatsChangeEventTimeout":"00:00:01.5000000","InIsolation":false,"KeepAlive":false,"AreTestCaseLevelEventsRequired":false,"IsDebug":false,"TestCaseFilter":null,"FilterOptions":null},"Package":null}}
TpTrace Verbose: 0 : 37272, 5, 2025/02/28, 23:32:40.315, 2171416063079, vstest.console.dll, ParallelProxyExecutionManager.StartTestRunOnConcurrentManager: Execution started. Started clients: 1
TpTrace Verbose: 0 : 37272, 13, 2025/02/28, 23:32:40.456, 2171417478612, vstest.console.dll, TcpClientExtensions.MessageLoopAsync: NotifyDataAvailable remoteEndPoint: 127.0.0.1:62758 localEndPoint: 127.0.0.1:62757
TpTrace Verbose: 0 : 37272, 13, 2025/02/28, 23:32:40.456, 2171417480335, vstest.console.dll, TestRequestSender.OnExecutionMessageReceived: Received message: {"Version":7,"MessageType":"TestSession.Message","Payload":{"MessageLevel":0,"Message":"Test Parallelization enabled for C:\\Users\\USER\\Documents\\002 HICHEELUUD\\windows\\Lab-Windows\\Laboratory-2\\TestProject1\\bin\\Debug\\net8.0\\fine-code-coverage\\build-output\\TestProject1.dll (Workers: 12, Scope: MethodLevel)"}}
TpTrace Verbose: 0 : 37272, 13, 2025/02/28, 23:32:40.457, 2171417482440, vstest.console.dll, TestRunRequest:SendTestRunMessage: Starting.
TpTrace Verbose: 0 : 37272, 13, 2025/02/28, 23:32:40.457, 2171417483156, vstest.console.dll, MulticastDelegateUtilities.SafeInvoke: TestRun.LogMessages: Invoking callback 1/1 for Microsoft.VisualStudio.TestPlatform.CommandLine.TestRunResultAggregator., took 0 ms.
TpTrace Verbose: 0 : 37272, 4, 2025/02/28, 23:32:40.457, 2171417483391, vstest.console.dll, MulticastDelegateUtilities.SafeInvoke: InternalTestLoggerEvents.SendTestRunMessage: Invoking callback 1/1 for Microsoft.VisualStudio.TestPlatform.CommandLine.Internal.ConsoleLogger., took 0 ms.
TpTrace Information: 0 : 37272, 13, 2025/02/28, 23:32:40.457, 2171417483539, vstest.console.dll, TestRunRequest:SendTestRunMessage: Completed.
TpTrace Verbose: 0 : 37272, 13, 2025/02/28, 23:32:40.457, 2171417484260, vstest.console.dll, MulticastDelegateUtilities.SafeInvoke: LengthPrefixCommunicationChannel: MessageReceived: Invoking callback 1/1 for Microsoft.VisualStudio.TestPlatform.CommunicationUtilities.TestRequestSender+<>c__DisplayClass34_0., took 0 ms.
TpTrace Verbose: 0 : 37272, 13, 2025/02/28, 23:32:40.457, 2171417484565, vstest.console.dll, TcpClientExtensions.MessageLoopAsync: Polling on remoteEndPoint: 127.0.0.1:62758 localEndPoint: 127.0.0.1:62757 after 145 ms
TpTrace Verbose: 0 : 37272, 13, 2025/02/28, 23:32:40.479, 2171417707698, vstest.console.dll, TcpClientExtensions.MessageLoopAsync: NotifyDataAvailable remoteEndPoint: 127.0.0.1:62758 localEndPoint: 127.0.0.1:62757
TpTrace Verbose: 0 : 37272, 13, 2025/02/28, 23:32:40.480, 2171417712715, vstest.console.dll, TestRequestSender.OnExecutionMessageReceived: Received message: {"Version":7,"MessageType":"TestExecution.StatsChange","Payload":{"NewTestResults":[],"TestRunStatistics":{"ExecutedTests":0,"Stats":{}},"ActiveTests":[{"Id":"321b1fda-fbe3-8b7e-e8e8-18993e5d4452","FullyQualifiedName":"TestProject1.MemoryTests.Test_AddToMemoryItem","DisplayName":"Test_AddToMemoryItem","ExecutorUri":"executor://MSTestAdapter/v2","Source":"C:\\Users\\USER\\Documents\\002 HICHEELUUD\\windows\\Lab-Windows\\Laboratory-2\\TestProject1\\bin\\Debug\\net8.0\\fine-code-coverage\\build-output\\TestProject1.dll","CodeFilePath":null,"LineNumber":-1,"Properties":[{"Key":{"Id":"MSTestDiscoverer.TestClassName","Label":"ClassName","Category":"","Description":"","Attributes":1,"ValueType":"System.String"},"Value":"TestProject1.MemoryTests"},{"Key":{"Id":"MSTest.TestIdGenerationStrategy","Label":"TestIdGenerationStrategy","Category":"","Description":"","Attributes":1,"ValueType":"System.Int32"},"Value":2},{"Key":{"Id":"TestObject.Traits","Label":"Traits","Category":"","Description":"","Attributes":5,"ValueType":"System.Collections.Generic.KeyValuePair`2[[System.String],[System.String]][]"},"Value":[]},{"Key":{"Id":"TestCase.Hierarchy","Label":"Hierarchy","Category":"","Description":"","Attributes":2,"ValueType":"System.String[]"},"Value":[null,"TestProject1","MemoryTests","Test_AddToMemoryItem"]},{"Key":{"Id":"TestCase.ManagedType","Label":"ManagedType","Category":"","Description":"","Attributes":1,"ValueType":"System.String"},"Value":"TestProject1.MemoryTests"},{"Key":{"Id":"TestCase.ManagedMethod","Label":"ManagedMethod","Category":"","Description":"","Attributes":1,"ValueType":"System.String"},"Value":"Test_AddToMemoryItem"}]},{"Id":"daf15dfc-a6b9-7f84-0eef-805f7ad24662","FullyQualifiedName":"TestProject1.TooniiMashinTests.Test_Addition","DisplayName":"Test_Addition","ExecutorUri":"executor://MSTestAdapter/v2","Source":"C:\\Users\\USER\\Documents\\002 HICHEELUUD\\windows\\Lab-Windows\\Laboratory-2\\TestProject1\\bin\\Debug\\net8.0\\fine-code-coverage\\build-output\\TestProject1.dll","CodeFilePath":null,"LineNumber":-1,"Properties":[{"Key":{"Id":"MSTestDiscoverer.TestClassName","Label":"ClassName","Category":"","Description":"","Attributes":1,"ValueType":"System.String"},"Value":"TestProject1.TooniiMashinTests"},{"Key":{"Id":"MSTest.TestIdGenerationStrategy","Label":"TestIdGenerationStrategy","Category":"","Description":"","Attributes":1,"ValueType":"System.Int32"},"Value":2},{"Key":{"Id":"TestObject.Traits","Label":"Traits","Category":"","Description":"","Attributes":5,"ValueType":"System.Collections.Generic.KeyValuePair`2[[System.String],[System.String]][]"},"Value":[]},{"Key":{"Id":"TestCase.Hierarchy","Label":"Hierarchy","Category":"","Description":"","Attributes":2,"ValueType":"System.String[]"},"Value":[null,"TestProject1","TooniiMashinTests","Test_Addition"]},{"Key":{"Id":"TestCase.ManagedType","Label":"ManagedType","Category":"","Description":"","Attributes":1,"ValueType":"System.String"},"Value":"TestProject1.TooniiMashinTests"},{"Key":{"Id":"TestCase.ManagedMethod","Label":"ManagedMethod","Category":"","Description":"","Attributes":1,"ValueType":"System.String"},"Value":"Test_Addition"}]},{"Id":"6e667638-5e4a-5be8-6021-607c52f47e2f","FullyQualifiedName":"TestProject1.MemoryTests.Test_SubtractFromMemoryItem","DisplayName":"Test_SubtractFromMemoryItem","ExecutorUri":"executor://MSTestAdapter/v2","Source":"C:\\Users\\USER\\Documents\\002 HICHEELUUD\\windows\\Lab-Windows\\Laboratory-2\\TestProject1\\bin\\Debug\\net8.0\\fine-code-coverage\\build-output\\TestProject1.dll","CodeFilePath":null,"LineNumber":-1,"Properties":[{"Key":{"Id":"MSTestDiscoverer.TestClassName","Label":"ClassName","Category":"","Description":"","Attributes":1,"ValueType":"System.String"},"Value":"TestProject1.MemoryTests"},{"Key":{"Id":"MSTest.TestIdGenerationStrategy","Label":"TestIdGenerationStrategy","Category":"","Description":"","Attributes":1,"ValueType":"System.Int32"},"Value":2},{"Key":{"Id":"TestObject.Traits","Label":"Traits","Category":"","Description":"","Attributes":5,"ValueType":"System.Collections.Generic.KeyValuePair`2[[System.String],[System.String]][]"},"Value":[]},{"Key":{"Id":"TestCase.Hierarchy","Label":"Hierarchy","Category":"","Description":"","Attributes":2,"ValueType":"System.String[]"},"Value":[null,"TestProject1","MemoryTests","Test_SubtractFromMemoryItem"]},{"Key":{"Id":"TestCase.ManagedType","Label":"ManagedType","Category":"","Description":"","Attributes":1,"ValueType":"System.String"},"Value":"TestProject1.MemoryTests"},{"Key":{"Id":"TestCase.ManagedMethod","Label":"ManagedMethod","Category":"","Description":"","Attributes":1,"ValueType":"System.String"},"Value":"Test_SubtractFromMemoryItem"}]},{"Id":"96ed024b-6c2d-bd91-5a77-75d6cba35564","FullyQualifiedName":"TestProject1.MemoryTests.Test_ClearMemoryItem","DisplayName":"Test_ClearMemoryItem","ExecutorUri":"executor://MSTestAdapter/v2","Source":"C:\\Users\\USER\\Documents\\002 HICHEELUUD\\windows\\Lab-Windows\\Laboratory-2\\TestProject1\\bin\\Debug\\net8.0\\fine-code-coverage\\build-output\\TestProject1.dll","CodeFilePath":null,"LineNumber":-1,"Properties":[{"Key":{"Id":"MSTestDiscoverer.TestClassName","Label":"ClassName","Category":"","Description":"","Attributes":1,"ValueType":"System.String"},"Value":"TestProject1.MemoryTests"},{"Key":{"Id":"MSTest.TestIdGenerationStrategy","Label":"TestIdGenerationStrategy","Category":"","Description":"","Attributes":1,"ValueType":"System.Int32"},"Value":2},{"Key":{"Id":"TestObject.Traits","Label":"Traits","Category":"","Description":"","Attributes":5,"ValueType":"System.Collections.Generic.KeyValuePair`2[[System.String],[System.String]][]"},"Value":[]},{"Key":{"Id":"TestCase.Hierarchy","Label":"Hierarchy","Category":"","Description":"","Attributes":2,"ValueType":"System.String[]"},"Value":[null,"TestProject1","MemoryTests","Test_ClearMemoryItem"]},{"Key":{"Id":"TestCase.ManagedType","Label":"ManagedType","Category":"","Description":"","Attributes":1,"ValueType":"System.String"},"Value":"TestProject1.MemoryTests"},{"Key":{"Id":"TestCase.ManagedMethod","Label":"ManagedMethod","Category":"","Description":"","Attributes":1,"ValueType":"System.String"},"Value":"Test_ClearMemoryItem"}]},{"Id":"bb362bdb-eff5-fea3-da6c-a3152d893231","FullyQualifiedName":"TestProject1.TooniiMashinTests.Test_InitialResult_ShouldBeZero","DisplayName":"Test_InitialResult_ShouldBeZero","ExecutorUri":"executor://MSTestAdapter/v2","Source":"C:\\Users\\USER\\Documents\\002 HICHEELUUD\\windows\\Lab-Windows\\Laboratory-2\\TestProject1\\bin\\Debug\\net8.0\\fine-code-coverage\\build-output\\TestProject1.dll","CodeFilePath":null,"LineNumber":-1,"Properties":[{"Key":{"Id":"MSTestDiscoverer.TestClassName","Label":"ClassName","Category":"","Description":"","Attributes":1,"ValueType":"System.String"},"Value":"TestProject1.TooniiMashinTests"},{"Key":{"Id":"MSTest.TestIdGenerationStrategy","Label":"TestIdGenerationStrategy","Category":"","Description":"","Attributes":1,"ValueType":"System.Int32"},"Value":2},{"Key":{"Id":"TestObject.Traits","Label":"Traits","Category":"","Description":"","Attributes":5,"ValueType":"System.Collections.Generic.KeyValuePair`2[[System.String],[System.String]][]"},"Value":[]},{"Key":{"Id":"TestCase.Hierarchy","Label":"Hierarchy","Category":"","Description":"","Attributes":2,"ValueType":"System.String[]"},"Value":[null,"TestProject1","TooniiMashinTests","Test_InitialResult_ShouldBeZero"]},{"Key":{"Id":"TestCase.ManagedType","Label":"ManagedType","Category":"","Description":"","Attributes":1,"ValueType":"System.String"},"Value":"TestProject1.TooniiMashinTests"},{"Key":{"Id":"TestCase.ManagedMethod","Label":"ManagedMethod","Category":"","Description":"","Attributes":1,"ValueType":"System.String"},"Value":"Test_InitialResult_ShouldBeZero"}]},{"Id":"9130d55e-a469-b57e-0b92-4aa061e2fe15","FullyQualifiedName":"TestProject1.TooniiMashinTests.Test_MultipleOperations","DisplayName":"Test_MultipleOperations","ExecutorUri":"executor://MSTestAdapter/v2","Source":"C:\\Users\\USER\\Documents\\002 HICHEELUUD\\windows\\Lab-Windows\\Laboratory-2\\TestProject1\\bin\\Debug\\net8.0\\fine-code-coverage\\build-output\\TestProject1.dll","CodeFilePath":null,"LineNumber":-1,"Properties":[{"Key":{"Id":"MSTestDiscoverer.TestClassName","Label":"ClassName","Category":"","Description":"","Attributes":1,"ValueType":"System.String"},"Value":"TestProject1.TooniiMashinTests"},{"Key":{"Id":"MSTest.TestIdGenerationStrategy","Label":"TestIdGenerationStrategy","Category":"","Description":"","Attributes":1,"ValueType":"System.Int32"},"Value":2},{"Key":{"Id":"TestObject.Traits","Label":"Traits","Category":"","Description":"","Attributes":5,"ValueType":"System.Collections.Generic.KeyValuePair`2[[System.String],[System.String]][]"},"Value":[]},{"Key":{"Id":"TestCase.Hierarchy","Label":"Hierarchy","Category":"","Description":"","Attributes":2,"ValueType":"System.String[]"},"Value":[null,"TestProject1","TooniiMashinTests","Test_MultipleOperations"]},{"Key":{"Id":"TestCase.ManagedType","Label":"ManagedType","Category":"","Description":"","Attributes":1,"ValueType":"System.String"},"Value":"TestProject1.TooniiMashinTests"},{"Key":{"Id":"TestCase.ManagedMethod","Label":"ManagedMethod","Category":"","Description":"","Attributes":1,"ValueType":"System.String"},"Value":"Test_MultipleOperations"}]},{"Id":"1ad8b023-ca7f-e719-036d-62ed8257c50d","FullyQualifiedName":"TestProject1.MemoryTests.Test_ClearMemory","DisplayName":"Test_ClearMemory","ExecutorUri":"executor://MSTestAdapter/v2","Source":"C:\\Users\\USER\\Documents\\002 HICHEELUUD\\windows\\Lab-Windows\\Laboratory-2\\TestProject1\\bin\\Debug\\net8.0\\fine-code-coverage\\build-output\\TestProject1.dll","CodeFilePath":null,"LineNumber":-1,"Properties":[{"Key":{"Id":"MSTestDiscoverer.TestClassName","Label":"ClassName","Category":"","Description":"","Attributes":1,"ValueType":"System.String"},"Value":"TestProject1.MemoryTests"},{"Key":{"Id":"MSTest.TestIdGenerationStrategy","Label":"TestIdGenerationStrategy","Category":"","Description":"","Attributes":1,"ValueType":"System.Int32"},"Value":2},{"Key":{"Id":"TestObject.Traits","Label":"Traits","Category":"","Description":"","Attributes":5,"ValueType":"System.Collections.Generic.KeyValuePair`2[[System.String],[System.String]][]"},"Value":[]},{"Key":{"Id":"TestCase.Hierarchy","Label":"Hierarchy","Category":"","Description":"","Attributes":2,"ValueType":"System.String[]"},"Value":[null,"TestProject1","MemoryTests","Test_ClearMemory"]},{"Key":{"Id":"TestCase.ManagedType","Label":"ManagedType","Category":"","Description":"","Attributes":1,"ValueType":"System.String"},"Value":"TestProject1.MemoryTests"},{"Key":{"Id":"TestCase.ManagedMethod","Label":"ManagedMethod","Category":"","Description":"","Attributes":1,"ValueType":"System.String"},"Value":"Test_ClearMemory"}]},{"Id":"e97df5a4-471d-8f11-3509-8e13de54561c","FullyQualifiedName":"TestProject1.MemoryTests.Test_StoreMemoryItem","DisplayName":"Test_StoreMemoryItem","ExecutorUri":"executor://MSTestAdapter/v2","Source":"C:\\Users\\USER\\Documents\\002 HICHEELUUD\\windows\\Lab-Windows\\Laboratory-2\\TestProject1\\bin\\Debug\\net8.0\\fine-code-coverage\\build-output\\TestProject1.dll","CodeFilePath":null,"LineNumber":-1,"Properties":[{"Key":{"Id":"MSTestDiscoverer.TestClassName","Label":"ClassName","Category":"","Description":"","Attributes":1,"ValueType":"System.String"},"Value":"TestProject1.MemoryTests"},{"Key":{"Id":"MSTest.TestIdGenerationStrategy","Label":"TestIdGenerationStrategy","Category":"","Description":"","Attributes":1,"ValueType":"System.Int32"},"Value":2},{"Key":{"Id":"TestObject.Traits","Label":"Traits","Category":"","Description":"","Attributes":5,"ValueType":"System.Collections.Generic.KeyValuePair`2[[System.String],[System.String]][]"},"Value":[]},{"Key":{"Id":"TestCase.Hierarchy","Label":"Hierarchy","Category":"","Description":"","Attributes":2,"ValueType":"System.String[]"},"Value":[null,"TestProject1","MemoryTests","Test_StoreMemoryItem"]},{"Key":{"Id":"TestCase.ManagedType","Label":"ManagedType","Category":"","Description":"","Attributes":1,"ValueType":"System.String"},"Value":"TestProject1.MemoryTests"},{"Key":{"Id":"TestCase.ManagedMethod","Label":"ManagedMethod","Category":"","Description":"","Attributes":1,"ValueType":"System.String"},"Value":"Test_StoreMemoryItem"}]},{"Id":"c4a509f8-7a76-a47c-a241-37d2e7e61d0d","FullyQualifiedName":"TestProject1.TooniiMashinTests.Test_Subtraction","DisplayName":"Test_Subtraction","ExecutorUri":"executor://MSTestAdapter/v2","Source":"C:\\Users\\USER\\Documents\\002 HICHEELUUD\\windows\\Lab-Windows\\Laboratory-2\\TestProject1\\bin\\Debug\\net8.0\\fine-code-coverage\\build-output\\TestProject1.dll","CodeFilePath":null,"LineNumber":-1,"Properties":[{"Key":{"Id":"MSTestDiscoverer.TestClassName","Label":"ClassName","Category":"","Description":"","Attributes":1,"ValueType":"System.String"},"Value":"TestProject1.TooniiMashinTests"},{"Key":{"Id":"MSTest.TestIdGenerationStrategy","Label":"TestIdGenerationStrategy","Category":"","Description":"","Attributes":1,"ValueType":"System.Int32"},"Value":2},{"Key":{"Id":"TestObject.Traits","Label":"Traits","Category":"","Description":"","Attributes":5,"ValueType":"System.Collections.Generic.KeyValuePair`2[[System.String],[System.String]][]"},"Value":[]},{"Key":{"Id":"TestCase.Hierarchy","Label":"Hierarchy","Category":"","Description":"","Attributes":2,"ValueType":"System.String[]"},"Value":[null,"TestProject1","TooniiMashinTests","Test_Subtraction"]},{"Key":{"Id":"TestCase.ManagedType","Label":"ManagedType","Category":"","Description":"","Attributes":1,"ValueType":"System.String"},"Value":"TestProject1.TooniiMashinTests"},{"Key":{"Id":"TestCase.ManagedMethod","Label":"ManagedMethod","Category":"","Description":"","Attributes":1,"ValueType":"System.String"},"Value":"Test_Subtraction"}]},{"Id":"6c85a377-ed00-ab0e-b2f2-f9339794a12d","FullyQualifiedName":"TestProject1.TooniiMashinTests.Test_ResetResult","DisplayName":"Test_ResetResult","ExecutorUri":"executor://MSTestAdapter/v2","Source":"C:\\Users\\USER\\Documents\\002 HICHEELUUD\\windows\\Lab-Windows\\Laboratory-2\\TestProject1\\bin\\Debug\\net8.0\\fine-code-coverage\\build-output\\TestProject1.dll","CodeFilePath":null,"LineNumber":-1,"Properties":[{"Key":{"Id":"MSTestDiscoverer.TestClassName","Label":"ClassName","Category":"","Description":"","Attributes":1,"ValueType":"System.String"},"Value":"TestProject1.TooniiMashinTests"},{"Key":{"Id":"MSTest.TestIdGenerationStrategy","Label":"TestIdGenerationStrategy","Category":"","Description":"","Attributes":1,"ValueType":"System.Int32"},"Value":2},{"Key":{"Id":"TestObject.Traits","Label":"Traits","Category":"","Description":"","Attributes":5,"ValueType":"System.Collections.Generic.KeyValuePair`2[[System.String],[System.String]][]"},"Value":[]},{"Key":{"Id":"TestCase.Hierarchy","Label":"Hierarchy","Category":"","Description":"","Attributes":2,"ValueType":"System.String[]"},"Value":[null,"TestProject1","TooniiMashinTests","Test_ResetResult"]},{"Key":{"Id":"TestCase.ManagedType","Label":"ManagedType","Category":"","Description":"","Attributes":1,"ValueType":"System.String"},"Value":"TestProject1.TooniiMashinTests"},{"Key":{"Id":"TestCase.ManagedMethod","Label":"ManagedMethod","Category":"","Description":"","Attributes":1,"ValueType":"System.String"},"Value":"Test_ResetResult"}]}]}}
TpTrace Verbose: 0 : 37272, 13, 2025/02/28, 23:32:40.521, 2171418129464, vstest.console.dll, TestRunRequest:SendTestRunStatsChange: Starting.
TpTrace Verbose: 0 : 37272, 13, 2025/02/28, 23:32:40.522, 2171418132011, vstest.console.dll, InProgress is Test_AddToMemoryItem
TpTrace Verbose: 0 : 37272, 13, 2025/02/28, 23:32:40.522, 2171418132311, vstest.console.dll, InProgress is Test_Addition
TpTrace Verbose: 0 : 37272, 13, 2025/02/28, 23:32:40.522, 2171418132554, vstest.console.dll, InProgress is Test_SubtractFromMemoryItem
TpTrace Verbose: 0 : 37272, 13, 2025/02/28, 23:32:40.522, 2171418133419, vstest.console.dll, InProgress is Test_ClearMemoryItem
TpTrace Verbose: 0 : 37272, 13, 2025/02/28, 23:32:40.522, 2171418133812, vstest.console.dll, InProgress is Test_InitialResult_ShouldBeZero
TpTrace Verbose: 0 : 37272, 13, 2025/02/28, 23:32:40.522, 2171418134116, vstest.console.dll, InProgress is Test_MultipleOperations
TpTrace Verbose: 0 : 37272, 13, 2025/02/28, 23:32:40.522, 2171418134412, vstest.console.dll, InProgress is Test_ClearMemory
TpTrace Verbose: 0 : 37272, 13, 2025/02/28, 23:32:40.522, 2171418134831, vstest.console.dll, InProgress is Test_StoreMemoryItem
TpTrace Verbose: 0 : 37272, 13, 2025/02/28, 23:32:40.522, 2171418135109, vstest.console.dll, InProgress is Test_Subtraction
TpTrace Verbose: 0 : 37272, 13, 2025/02/28, 23:32:40.522, 2171418135387, vstest.console.dll, InProgress is Test_ResetResult
TpTrace Verbose: 0 : 37272, 13, 2025/02/28, 23:32:40.522, 2171418136557, vstest.console.dll, MulticastDelegateUtilities.SafeInvoke: TestRun.RunStatsChanged: Invoking callbacks was skipped because there are no subscribers.
TpTrace Information: 0 : 37272, 13, 2025/02/28, 23:32:40.522, 2171418137021, vstest.console.dll, TestRunRequest:SendTestRunStatsChange: Completed.
TpTrace Verbose: 0 : 37272, 13, 2025/02/28, 23:32:40.522, 2171418137570, vstest.console.dll, MulticastDelegateUtilities.SafeInvoke: LengthPrefixCommunicationChannel: MessageReceived: Invoking callback 1/1 for Microsoft.VisualStudio.TestPlatform.CommunicationUtilities.TestRequestSender+<>c__DisplayClass34_0., took 42 ms.
TpTrace Verbose: 0 : 37272, 13, 2025/02/28, 23:32:40.522, 2171418138029, vstest.console.dll, TcpClientExtensions.MessageLoopAsync: Polling on remoteEndPoint: 127.0.0.1:62758 localEndPoint: 127.0.0.1:62757 after 65 ms
TpTrace Verbose: 0 : 37272, 13, 2025/02/28, 23:32:40.581, 2171418725537, vstest.console.dll, TcpClientExtensions.MessageLoopAsync: NotifyDataAvailable remoteEndPoint: 127.0.0.1:62758 localEndPoint: 127.0.0.1:62757
TpTrace Verbose: 0 : 37272, 13, 2025/02/28, 23:32:40.581, 2171418731102, vstest.console.dll, TestRequestSender.OnExecutionMessageReceived: Received message: {"Version":7,"MessageType":"TestExecution.StatsChange","Payload":{"NewTestResults":[{"TestCase":{"Id":"e97df5a4-471d-8f11-3509-8e13de54561c","FullyQualifiedName":"TestProject1.MemoryTests.Test_StoreMemoryItem","DisplayName":"Test_StoreMemoryItem","ExecutorUri":"executor://MSTestAdapter/v2","Source":"C:\\Users\\USER\\Documents\\002 HICHEELUUD\\windows\\Lab-Windows\\Laboratory-2\\TestProject1\\bin\\Debug\\net8.0\\fine-code-coverage\\build-output\\TestProject1.dll","CodeFilePath":null,"LineNumber":-1,"Properties":[{"Key":{"Id":"MSTestDiscoverer.TestClassName","Label":"ClassName","Category":"","Description":"","Attributes":1,"ValueType":"System.String"},"Value":"TestProject1.MemoryTests"},{"Key":{"Id":"MSTest.TestIdGenerationStrategy","Label":"TestIdGenerationStrategy","Category":"","Description":"","Attributes":1,"ValueType":"System.Int32"},"Value":2},{"Key":{"Id":"TestObject.Traits","Label":"Traits","Category":"","Description":"","Attributes":5,"ValueType":"System.Collections.Generic.KeyValuePair`2[[System.String],[System.String]][]"},"Value":[]},{"Key":{"Id":"TestCase.Hierarchy","Label":"Hierarchy","Category":"","Description":"","Attributes":2,"ValueType":"System.String[]"},"Value":[null,"TestProject1","MemoryTests","Test_StoreMemoryItem"]},{"Key":{"Id":"TestCase.ManagedType","Label":"ManagedType","Category":"","Description":"","Attributes":1,"ValueType":"System.String"},"Value":"TestProject1.MemoryTests"},{"Key":{"Id":"TestCase.ManagedMethod","Label":"ManagedMethod","Category":"","Description":"","Attributes":1,"ValueType":"System.String"},"Value":"Test_StoreMemoryItem"}]},"Attachments":[],"Outcome":1,"ErrorMessage":null,"ErrorStackTrace":null,"DisplayName":"Test_StoreMemoryItem","Messages":[],"ComputerName":"LAPTOP-1RN3UQHU","Duration":"00:00:00.0050794","StartTime":"2025-02-28T23:32:40.5296585+08:00","EndTime":"2025-02-28T23:32:40.5468137+08:00","Properties":[{"Key":{"Id":"InnerResultsCount","Label":"InnerResultsCount","Category":"","Description":"","Attributes":1,"ValueType":"System.Int32"},"Value":0},{"Key":{"Id":"ParentExecId","Label":"ParentExecId","Category":"","Description":"","Attributes":1,"ValueType":"System.Guid"},"Value":"00000000-0000-0000-0000-000000000000"},{"Key":{"Id":"ExecutionId","Label":"ExecutionId","Category":"","Description":"","Attributes":1,"ValueType":"System.Guid"},"Value":"00000000-0000-0000-0000-000000000000"}]},{"TestCase":{"Id":"9130d55e-a469-b57e-0b92-4aa061e2fe15","FullyQualifiedName":"TestProject1.TooniiMashinTests.Test_MultipleOperations","DisplayName":"Test_MultipleOperations","ExecutorUri":"executor://MSTestAdapter/v2","Source":"C:\\Users\\USER\\Documents\\002 HICHEELUUD\\windows\\Lab-Windows\\Laboratory-2\\TestProject1\\bin\\Debug\\net8.0\\fine-code-coverage\\build-output\\TestProject1.dll","CodeFilePath":null,"LineNumber":-1,"Properties":[{"Key":{"Id":"MSTestDiscoverer.TestClassName","Label":"ClassName","Category":"","Description":"","Attributes":1,"ValueType":"System.String"},"Value":"TestProject1.TooniiMashinTests"},{"Key":{"Id":"MSTest.TestIdGenerationStrategy","Label":"TestIdGenerationStrategy","Category":"","Description":"","Attributes":1,"ValueType":"System.Int32"},"Value":2},{"Key":{"Id":"TestObject.Traits","Label":"Traits","Category":"","Description":"","Attributes":5,"ValueType":"System.Collections.Generic.KeyValuePair`2[[System.String],[System.String]][]"},"Value":[]},{"Key":{"Id":"TestCase.Hierarchy","Label":"Hierarchy","Category":"","Description":"","Attributes":2,"ValueType":"System.String[]"},"Value":[null,"TestProject1","TooniiMashinTests","Test_MultipleOperations"]},{"Key":{"Id":"TestCase.ManagedType","Label":"ManagedType","Category":"","Description":"","Attributes":1,"ValueType":"System.String"},"Value":"TestProject1.TooniiMashinTests"},{"Key":{"Id":"TestCase.ManagedMethod","Label":"ManagedMethod","Category":"","Description":"","Attributes":1,"ValueType":"System.String"},"Value":"Test_MultipleOperations"}]},"Attachments":[],"Outcome":1,"ErrorMessage":null,"ErrorStackTrace":null,"DisplayName":"Test_MultipleOperations","Messages":[{"Category":"StdOutMsgs","Text":"Result: 20\r\nResult: 15\r\nResult: 25\r\n"}],"ComputerName":"LAPTOP-1RN3UQHU","Duration":"00:00:00.0051453","StartTime":"2025-02-28T23:32:40.5271827+08:00","EndTime":"2025-02-28T23:32:40.5469358+08:00","Properties":[{"Key":{"Id":"InnerResultsCount","Label":"InnerResultsCount","Category":"","Description":"","Attributes":1,"ValueType":"System.Int32"},"Value":0},{"Key":{"Id":"ParentExecId","Label":"ParentExecId","Category":"","Description":"","Attributes":1,"ValueType":"System.Guid"},"Value":"00000000-0000-0000-0000-000000000000"},{"Key":{"Id":"ExecutionId","Label":"ExecutionId","Category":"","Description":"","Attributes":1,"ValueType":"System.Guid"},"Value":"00000000-0000-0000-0000-000000000000"}]},{"TestCase":{"Id":"daf15dfc-a6b9-7f84-0eef-805f7ad24662","FullyQualifiedName":"TestProject1.TooniiMashinTests.Test_Addition","DisplayName":"Test_Addition","ExecutorUri":"executor://MSTestAdapter/v2","Source":"C:\\Users\\USER\\Documents\\002 HICHEELUUD\\windows\\Lab-Windows\\Laboratory-2\\TestProject1\\bin\\Debug\\net8.0\\fine-code-coverage\\build-output\\TestProject1.dll","CodeFilePath":null,"LineNumber":-1,"Properties":[{"Key":{"Id":"MSTestDiscoverer.TestClassName","Label":"ClassName","Category":"","Description":"","Attributes":1,"ValueType":"System.String"},"Value":"TestProject1.TooniiMashinTests"},{"Key":{"Id":"MSTest.TestIdGenerationStrategy","Label":"TestIdGenerationStrategy","Category":"","Description":"","Attributes":1,"ValueType":"System.Int32"},"Value":2},{"Key":{"Id":"TestObject.Traits","Label":"Traits","Category":"","Description":"","Attributes":5,"ValueType":"System.Collections.Generic.KeyValuePair`2[[System.String],[System.String]][]"},"Value":[]},{"Key":{"Id":"TestCase.Hierarchy","Label":"Hierarchy","Category":"","Description":"","Attributes":2,"ValueType":"System.String[]"},"Value":[null,"TestProject1","TooniiMashinTests","Test_Addition"]},{"Key":{"Id":"TestCase.ManagedType","Label":"ManagedType","Category":"","Description":"","Attributes":1,"ValueType":"System.String"},"Value":"TestProject1.TooniiMashinTests"},{"Key":{"Id":"TestCase.ManagedMethod","Label":"ManagedMethod","Category":"","Description":"","Attributes":1,"ValueType":"System.String"},"Value":"Test_Addition"}]},"Attachments":[],"Outcome":1,"ErrorMessage":null,"ErrorStackTrace":null,"DisplayName":"Test_Addition","Messages":[{"Category":"StdOutMsgs","Text":"Result: 10\r\n"}],"ComputerName":"LAPTOP-1RN3UQHU","Duration":"00:00:00.0051264","StartTime":"2025-02-28T23:32:40.5193499+08:00","EndTime":"2025-02-28T23:32:40.5469586+08:00","Properties":[{"Key":{"Id":"InnerResultsCount","Label":"InnerResultsCount","Category":"","Description":"","Attributes":1,"ValueType":"System.Int32"},"Value":0},{"Key":{"Id":"ParentExecId","Label":"ParentExecId","Category":"","Description":"","Attributes":1,"ValueType":"System.Guid"},"Value":"00000000-0000-0000-0000-000000000000"},{"Key":{"Id":"ExecutionId","Label":"ExecutionId","Category":"","Description":"","Attributes":1,"ValueType":"System.Guid"},"Value":"00000000-0000-0000-0000-000000000000"}]},{"TestCase":{"Id":"bb362bdb-eff5-fea3-da6c-a3152d893231","FullyQualifiedName":"TestProject1.TooniiMashinTests.Test_InitialResult_ShouldBeZero","DisplayName":"Test_InitialResult_ShouldBeZero","ExecutorUri":"executor://MSTestAdapter/v2","Source":"C:\\Users\\USER\\Documents\\002 HICHEELUUD\\windows\\Lab-Windows\\Laboratory-2\\TestProject1\\bin\\Debug\\net8.0\\fine-code-coverage\\build-output\\TestProject1.dll","CodeFilePath":null,"LineNumber":-1,"Properties":[{"Key":{"Id":"MSTestDiscoverer.TestClassName","Label":"ClassName","Category":"","Description":"","Attributes":1,"ValueType":"System.String"},"Value":"TestProject1.TooniiMashinTests"},{"Key":{"Id":"MSTest.TestIdGenerationStrategy","Label":"TestIdGenerationStrategy","Category":"","Description":"","Attributes":1,"ValueType":"System.Int32"},"Value":2},{"Key":{"Id":"TestObject.Traits","Label":"Traits","Category":"","Description":"","Attributes":5,"ValueType":"System.Collections.Generic.KeyValuePair`2[[System.String],[System.String]][]"},"Value":[]},{"Key":{"Id":"TestCase.Hierarchy","Label":"Hierarchy","Category":"","Description":"","Attributes":2,"ValueType":"System.String[]"},"Value":[null,"TestProject1","TooniiMashinTests","Test_InitialResult_ShouldBeZero"]},{"Key":{"Id":"TestCase.ManagedType","Label":"ManagedType","Category":"","Description":"","Attributes":1,"ValueType":"System.String"},"Value":"TestProject1.TooniiMashinTests"},{"Key":{"Id":"TestCase.ManagedMethod","Label":"ManagedMethod","Category":"","Description":"","Attributes":1,"ValueType":"System.String"},"Value":"Test_InitialResult_ShouldBeZero"}]},"Attachments":[],"Outcome":1,"ErrorMessage":null,"ErrorStackTrace":null,"DisplayName":"Test_InitialResult_ShouldBeZero","Messages":[],"ComputerName":"LAPTOP-1RN3UQHU","Duration":"00:00:00.0050868","StartTime":"2025-02-28T23:32:40.526241+08:00","EndTime":"2025-02-28T23:32:40.5469074+08:00","Properties":[{"Key":{"Id":"InnerResultsCount","Label":"InnerResultsCount","Category":"","Description":"","Attributes":1,"ValueType":"System.Int32"},"Value":0},{"Key":{"Id":"ParentExecId","Label":"ParentExecId","Category":"","Description":"","Attributes":1,"ValueType":"System.Guid"},"Value":"00000000-0000-0000-0000-000000000000"},{"Key":{"Id":"ExecutionId","Label":"ExecutionId","Category":"","Description":"","Attributes":1,"ValueType":"System.Guid"},"Value":"00000000-0000-0000-0000-000000000000"}]},{"TestCase":{"Id":"6c85a377-ed00-ab0e-b2f2-f9339794a12d","FullyQualifiedName":"TestProject1.TooniiMashinTests.Test_ResetResult","DisplayName":"Test_ResetResult","ExecutorUri":"executor://MSTestAdapter/v2","Source":"C:\\Users\\USER\\Documents\\002 HICHEELUUD\\windows\\Lab-Windows\\Laboratory-2\\TestProject1\\bin\\Debug\\net8.0\\fine-code-coverage\\build-output\\TestProject1.dll","CodeFilePath":null,"LineNumber":-1,"Properties":[{"Key":{"Id":"MSTestDiscoverer.TestClassName","Label":"ClassName","Category":"","Description":"","Attributes":1,"ValueType":"System.String"},"Value":"TestProject1.TooniiMashinTests"},{"Key":{"Id":"MSTest.TestIdGenerationStrategy","Label":"TestIdGenerationStrategy","Category":"","Description":"","Attributes":1,"ValueType":"System.Int32"},"Value":2},{"Key":{"Id":"TestObject.Traits","Label":"Traits","Category":"","Description":"","Attributes":5,"ValueType":"System.Collections.Generic.KeyValuePair`2[[System.String],[System.String]][]"},"Value":[]},{"Key":{"Id":"TestCase.Hierarchy","Label":"Hierarchy","Category":"","Description":"","Attributes":2,"ValueType":"System.String[]"},"Value":[null,"TestProject1","TooniiMashinTests","Test_ResetResult"]},{"Key":{"Id":"TestCase.ManagedType","Label":"ManagedType","Category":"","Description":"","Attributes":1,"ValueType":"System.String"},"Value":"TestProject1.TooniiMashinTests"},{"Key":{"Id":"TestCase.ManagedMethod","Label":"ManagedMethod","Category":"","Description":"","Attributes":1,"ValueType":"System.String"},"Value":"Test_ResetResult"}]},"Attachments":[],"Outcome":1,"ErrorMessage":null,"ErrorStackTrace":null,"DisplayName":"Test_ResetResult","Messages":[{"Category":"StdOutMsgs","Text":"Result: 15\r\nResult: 0\r\n"}],"ComputerName":"LAPTOP-1RN3UQHU","Duration":"00:00:00.0050935","StartTime":"2025-02-28T23:32:40.5317989+08:00","EndTime":"2025-02-28T23:32:40.5470286+08:00","Properties":[{"Key":{"Id":"InnerResultsCount","Label":"InnerResultsCount","Category":"","Description":"","Attributes":1,"ValueType":"System.Int32"},"Value":0},{"Key":{"Id":"ParentExecId","Label":"ParentExecId","Category":"","Description":"","Attributes":1,"ValueType":"System.Guid"},"Value":"00000000-0000-0000-0000-000000000000"},{"Key":{"Id":"ExecutionId","Label":"ExecutionId","Category":"","Description":"","Attributes":1,"ValueType":"System.Guid"},"Value":"00000000-0000-0000-0000-000000000000"}]},{"TestCase":{"Id":"6e667638-5e4a-5be8-6021-607c52f47e2f","FullyQualifiedName":"TestProject1.MemoryTests.Test_SubtractFromMemoryItem","DisplayName":"Test_SubtractFromMemoryItem","ExecutorUri":"executor://MSTestAdapter/v2","Source":"C:\\Users\\USER\\Documents\\002 HICHEELUUD\\windows\\Lab-Windows\\Laboratory-2\\TestProject1\\bin\\Debug\\net8.0\\fine-code-coverage\\build-output\\TestProject1.dll","CodeFilePath":null,"LineNumber":-1,"Properties":[{"Key":{"Id":"MSTestDiscoverer.TestClassName","Label":"ClassName","Category":"","Description":"","Attributes":1,"ValueType":"System.String"},"Value":"TestProject1.MemoryTests"},{"Key":{"Id":"MSTest.TestIdGenerationStrategy","Label":"TestIdGenerationStrategy","Category":"","Description":"","Attributes":1,"ValueType":"System.Int32"},"Value":2},{"Key":{"Id":"TestObject.Traits","Label":"Traits","Category":"","Description":"","Attributes":5,"ValueType":"System.Collections.Generic.KeyValuePair`2[[System.String],[System.String]][]"},"Value":[]},{"Key":{"Id":"TestCase.Hierarchy","Label":"Hierarchy","Category":"","Description":"","Attributes":2,"ValueType":"System.String[]"},"Value":[null,"TestProject1","MemoryTests","Test_SubtractFromMemoryItem"]},{"Key":{"Id":"TestCase.ManagedType","Label":"ManagedType","Category":"","Description":"","Attributes":1,"ValueType":"System.String"},"Value":"TestProject1.MemoryTests"},{"Key":{"Id":"TestCase.ManagedMethod","Label":"ManagedMethod","Category":"","Description":"","Attributes":1,"ValueType":"System.String"},"Value":"Test_SubtractFromMemoryItem"}]},"Attachments":[],"Outcome":1,"ErrorMessage":null,"ErrorStackTrace":null,"DisplayName":"Test_SubtractFromMemoryItem","Messages":[],"ComputerName":"LAPTOP-1RN3UQHU","Duration":"00:00:00.0050983","StartTime":"2025-02-28T23:32:40.5237623+08:00","EndTime":"2025-02-28T23:32:40.5467052+08:00","Properties":[{"Key":{"Id":"InnerResultsCount","Label":"InnerResultsCount","Category":"","Description":"","Attributes":1,"ValueType":"System.Int32"},"Value":0},{"Key":{"Id":"ParentExecId","Label":"ParentExecId","Category":"","Description":"","Attributes":1,"ValueType":"System.Guid"},"Value":"00000000-0000-0000-0000-000000000000"},{"Key":{"Id":"ExecutionId","Label":"ExecutionId","Category":"","Description":"","Attributes":1,"ValueType":"System.Guid"},"Value":"00000000-0000-0000-0000-000000000000"}]},{"TestCase":{"Id":"96ed024b-6c2d-bd91-5a77-75d6cba35564","FullyQualifiedName":"TestProject1.MemoryTests.Test_ClearMemoryItem","DisplayName":"Test_ClearMemoryItem","ExecutorUri":"executor://MSTestAdapter/v2","Source":"C:\\Users\\USER\\Documents\\002 HICHEELUUD\\windows\\Lab-Windows\\Laboratory-2\\TestProject1\\bin\\Debug\\net8.0\\fine-code-coverage\\build-output\\TestProject1.dll","CodeFilePath":null,"LineNumber":-1,"Properties":[{"Key":{"Id":"MSTestDiscoverer.TestClassName","Label":"ClassName","Category":"","Description":"","Attributes":1,"ValueType":"System.String"},"Value":"TestProject1.MemoryTests"},{"Key":{"Id":"MSTest.TestIdGenerationStrategy","Label":"TestIdGenerationStrategy","Category":"","Description":"","Attributes":1,"ValueType":"System.Int32"},"Value":2},{"Key":{"Id":"TestObject.Traits","Label":"Traits","Category":"","Description":"","Attributes":5,"ValueType":"System.Collections.Generic.KeyValuePair`2[[System.String],[System.String]][]"},"Value":[]},{"Key":{"Id":"TestCase.Hierarchy","Label":"Hierarchy","Category":"","Description":"","Attributes":2,"ValueType":"System.String[]"},"Value":[null,"TestProject1","MemoryTests","Test_ClearMemoryItem"]},{"Key":{"Id":"TestCase.ManagedType","Label":"ManagedType","Category":"","Description":"","Attributes":1,"ValueType":"System.String"},"Value":"TestProject1.MemoryTests"},{"Key":{"Id":"TestCase.ManagedMethod","Label":"ManagedMethod","Category":"","Description":"","Attributes":1,"ValueType":"System.String"},"Value":"Test_ClearMemoryItem"}]},"Attachments":[],"Outcome":1,"ErrorMessage":null,"ErrorStackTrace":null,"DisplayName":"Test_ClearMemoryItem","Messages":[],"ComputerName":"LAPTOP-1RN3UQHU","Duration":"00:00:00.0050939","StartTime":"2025-02-28T23:32:40.5249666+08:00","EndTime":"2025-02-28T23:32:40.5469875+08:00","Properties":[{"Key":{"Id":"InnerResultsCount","Label":"InnerResultsCount","Category":"","Description":"","Attributes":1,"ValueType":"System.Int32"},"Value":0},{"Key":{"Id":"ParentExecId","Label":"ParentExecId","Category":"","Description":"","Attributes":1,"ValueType":"System.Guid"},"Value":"00000000-0000-0000-0000-000000000000"},{"Key":{"Id":"ExecutionId","Label":"ExecutionId","Category":"","Description":"","Attributes":1,"ValueType":"System.Guid"},"Value":"00000000-0000-0000-0000-000000000000"}]},{"TestCase":{"Id":"c4a509f8-7a76-a47c-a241-37d2e7e61d0d","FullyQualifiedName":"TestProject1.TooniiMashinTests.Test_Subtraction","DisplayName":"Test_Subtraction","ExecutorUri":"executor://MSTestAdapter/v2","Source":"C:\\Users\\USER\\Documents\\002 HICHEELUUD\\windows\\Lab-Windows\\Laboratory-2\\TestProject1\\bin\\Debug\\net8.0\\fine-code-coverage\\build-output\\TestProject1.dll","CodeFilePath":null,"LineNumber":-1,"Properties":[{"Key":{"Id":"MSTestDiscoverer.TestClassName","Label":"ClassName","Category":"","Description":"","Attributes":1,"ValueType":"System.String"},"Value":"TestProject1.TooniiMashinTests"},{"Key":{"Id":"MSTest.TestIdGenerationStrategy","Label":"TestIdGenerationStrategy","Category":"","Description":"","Attributes":1,"ValueType":"System.Int32"},"Value":2},{"Key":{"Id":"TestObject.Traits","Label":"Traits","Category":"","Description":"","Attributes":5,"ValueType":"System.Collections.Generic.KeyValuePair`2[[System.String],[System.String]][]"},"Value":[]},{"Key":{"Id":"TestCase.Hierarchy","Label":"Hierarchy","Category":"","Description":"","Attributes":2,"ValueType":"System.String[]"},"Value":[null,"TestProject1","TooniiMashinTests","Test_Subtraction"]},{"Key":{"Id":"TestCase.ManagedType","Label":"ManagedType","Category":"","Description":"","Attributes":1,"ValueType":"System.String"},"Value":"TestProject1.TooniiMashinTests"},{"Key":{"Id":"TestCase.ManagedMethod","Label":"ManagedMethod","Category":"","Description":"","Attributes":1,"ValueType":"System.String"},"Value":"Test_Subtraction"}]},"Attachments":[],"Outcome":1,"ErrorMessage":null,"ErrorStackTrace":null,"DisplayName":"Test_Subtraction","Messages":[{"Category":"StdOutMsgs","Text":"Result: 10\r\nResult: 5\r\n"}],"ComputerName":"LAPTOP-1RN3UQHU","Duration":"00:00:00.0050992","StartTime":"2025-02-28T23:32:40.5306376+08:00","EndTime":"2025-02-28T23:32:40.5467551+08:00","Properties":[{"Key":{"Id":"InnerResultsCount","Label":"InnerResultsCount","Category":"","Description":"","Attributes":1,"ValueType":"System.Int32"},"Value":0},{"Key":{"Id":"ParentExecId","Label":"ParentExecId","Category":"","Description":"","Attributes":1,"ValueType":"System.Guid"},"Value":"00000000-0000-0000-0000-000000000000"},{"Key":{"Id":"ExecutionId","Label":"ExecutionId","Category":"","Description":"","Attributes":1,"ValueType":"System.Guid"},"Value":"00000000-0000-0000-0000-000000000000"}]},{"TestCase":{"Id":"1ad8b023-ca7f-e719-036d-62ed8257c50d","FullyQualifiedName":"TestProject1.MemoryTests.Test_ClearMemory","DisplayName":"Test_ClearMemory","ExecutorUri":"executor://MSTestAdapter/v2","Source":"C:\\Users\\USER\\Documents\\002 HICHEELUUD\\windows\\Lab-Windows\\Laboratory-2\\TestProject1\\bin\\Debug\\net8.0\\fine-code-coverage\\build-output\\TestProject1.dll","CodeFilePath":null,"LineNumber":-1,"Properties":[{"Key":{"Id":"MSTestDiscoverer.TestClassName","Label":"ClassName","Category":"","Description":"","Attributes":1,"ValueType":"System.String"},"Value":"TestProject1.MemoryTests"},{"Key":{"Id":"MSTest.TestIdGenerationStrategy","Label":"TestIdGenerationStrategy","Category":"","Description":"","Attributes":1,"ValueType":"System.Int32"},"Value":2},{"Key":{"Id":"TestObject.Traits","Label":"Traits","Category":"","Description":"","Attributes":5,"ValueType":"System.Collections.Generic.KeyValuePair`2[[System.String],[System.String]][]"},"Value":[]},{"Key":{"Id":"TestCase.Hierarchy","Label":"Hierarchy","Category":"","Description":"","Attributes":2,"ValueType":"System.String[]"},"Value":[null,"TestProject1","MemoryTests","Test_ClearMemory"]},{"Key":{"Id":"TestCase.ManagedType","Label":"ManagedType","Category":"","Description":"","Attributes":1,"ValueType":"System.String"},"Value":"TestProject1.MemoryTests"},{"Key":{"Id":"TestCase.ManagedMethod","Label":"ManagedMethod","Category":"","Description":"","Attributes":1,"ValueType":"System.String"},"Value":"Test_ClearMemory"}]},"Attachments":[],"Outcome":1,"ErrorMessage":null,"ErrorStackTrace":null,"DisplayName":"Test_ClearMemory","Messages":[],"ComputerName":"LAPTOP-1RN3UQHU","Duration":"00:00:00.0051500","StartTime":"2025-02-28T23:32:40.5283828+08:00","EndTime":"2025-02-28T23:32:40.5470094+08:00","Properties":[{"Key":{"Id":"InnerResultsCount","Label":"InnerResultsCount","Category":"","Description":"","Attributes":1,"ValueType":"System.Int32"},"Value":0},{"Key":{"Id":"ParentExecId","Label":"ParentExecId","Category":"","Description":"","Attributes":1,"ValueType":"System.Guid"},"Value":"00000000-0000-0000-0000-000000000000"},{"Key":{"Id":"ExecutionId","Label":"ExecutionId","Category":"","Description":"","Attributes":1,"ValueType":"System.Guid"},"Value":"00000000-0000-0000-0000-000000000000"}]},{"TestCase":{"Id":"321b1fda-fbe3-8b7e-e8e8-18993e5d4452","FullyQualifiedName":"TestProject1.MemoryTests.Test_AddToMemoryItem","DisplayName":"Test_AddToMemoryItem","ExecutorUri":"executor://MSTestAdapter/v2","Source":"C:\\Users\\USER\\Documents\\002 HICHEELUUD\\windows\\Lab-Windows\\Laboratory-2\\TestProject1\\bin\\Debug\\net8.0\\fine-code-coverage\\build-output\\TestProject1.dll","CodeFilePath":null,"LineNumber":-1,"Properties":[{"Key":{"Id":"MSTestDiscoverer.TestClassName","Label":"ClassName","Category":"","Description":"","Attributes":1,"ValueType":"System.String"},"Value":"TestProject1.MemoryTests"},{"Key":{"Id":"MSTest.TestIdGenerationStrategy","Label":"TestIdGenerationStrategy","Category":"","Description":"","Attributes":1,"ValueType":"System.Int32"},"Value":2},{"Key":{"Id":"TestObject.Traits","Label":"Traits","Category":"","Description":"","Attributes":5,"ValueType":"System.Collections.Generic.KeyValuePair`2[[System.String],[System.String]][]"},"Value":[]},{"Key":{"Id":"TestCase.Hierarchy","Label":"Hierarchy","Category":"","Description":"","Attributes":2,"ValueType":"System.String[]"},"Value":[null,"TestProject1","MemoryTests","Test_AddToMemoryItem"]},{"Key":{"Id":"TestCase.ManagedType","Label":"ManagedType","Category":"","Description":"","Attributes":1,"ValueType":"System.String"},"Value":"TestProject1.MemoryTests"},{"Key":{"Id":"TestCase.ManagedMethod","Label":"ManagedMethod","Category":"","Description":"","Attributes":1,"ValueType":"System.String"},"Value":"Test_AddToMemoryItem"}]},"Attachments":[],"Outcome":1,"ErrorMessage":null,"ErrorStackTrace":null,"DisplayName":"Test_AddToMemoryItem","Messages":[],"ComputerName":"LAPTOP-1RN3UQHU","Duration":"00:00:00.0051107","StartTime":"2025-02-28T23:32:40.5221057+08:00","EndTime":"2025-02-28T23:32:40.5468629+08:00","Properties":[{"Key":{"Id":"InnerResultsCount","Label":"InnerResultsCount","Category":"","Description":"","Attributes":1,"ValueType":"System.Int32"},"Value":0},{"Key":{"Id":"ParentExecId","Label":"ParentExecId","Category":"","Description":"","Attributes":1,"ValueType":"System.Guid"},"Value":"00000000-0000-0000-0000-000000000000"},{"Key":{"Id":"ExecutionId","Label":"ExecutionId","Category":"","Description":"","Attributes":1,"ValueType":"System.Guid"},"Value":"00000000-0000-0000-0000-000000000000"}]}],"TestRunStatistics":{"ExecutedTests":10,"Stats":{"Passed":10}},"ActiveTests":[]}}
TpTrace Verbose: 0 : 37272, 13, 2025/02/28, 23:32:40.591, 2171418828284, vstest.console.dll, TestRunRequest:SendTestRunStatsChange: Starting.
TpTrace Verbose: 0 : 37272, 13, 2025/02/28, 23:32:40.591, 2171418831087, vstest.console.dll, MulticastDelegateUtilities.SafeInvoke: TestRun.RunStatsChanged: Invoking callbacks was skipped because there are no subscribers.
TpTrace Information: 0 : 37272, 13, 2025/02/28, 23:32:40.592, 2171418831487, vstest.console.dll, TestRunRequest:SendTestRunStatsChange: Completed.
TpTrace Verbose: 0 : 37272, 13, 2025/02/28, 23:32:40.592, 2171418831745, vstest.console.dll, MulticastDelegateUtilities.SafeInvoke: LengthPrefixCommunicationChannel: MessageReceived: Invoking callback 1/1 for Microsoft.VisualStudio.TestPlatform.CommunicationUtilities.TestRequestSender+<>c__DisplayClass34_0., took 10 ms.
TpTrace Verbose: 0 : 37272, 13, 2025/02/28, 23:32:40.592, 2171418832044, vstest.console.dll, TcpClientExtensions.MessageLoopAsync: Polling on remoteEndPoint: 127.0.0.1:62758 localEndPoint: 127.0.0.1:62757 after 69 ms
TpTrace Verbose: 0 : 37272, 4, 2025/02/28, 23:32:40.593, 2171418845790, vstest.console.dll, MulticastDelegateUtilities.SafeInvoke: InternalTestLoggerEvents.SendTestResult: Invoking callback 1/1 for Microsoft.VisualStudio.TestPlatform.CommandLine.Internal.ConsoleLogger., took 1 ms.
TpTrace Verbose: 0 : 37272, 4, 2025/02/28, 23:32:40.593, 2171418848517, vstest.console.dll, MulticastDelegateUtilities.SafeInvoke: InternalTestLoggerEvents.SendTestResult: Invoking callback 1/1 for Microsoft.VisualStudio.TestPlatform.CommandLine.Internal.ConsoleLogger., took 0 ms.
TpTrace Verbose: 0 : 37272, 4, 2025/02/28, 23:32:40.593, 2171418849157, vstest.console.dll, MulticastDelegateUtilities.SafeInvoke: InternalTestLoggerEvents.SendTestResult: Invoking callback 1/1 for Microsoft.VisualStudio.TestPlatform.CommandLine.Internal.ConsoleLogger., took 0 ms.
TpTrace Verbose: 0 : 37272, 4, 2025/02/28, 23:32:40.593, 2171418849523, vstest.console.dll, MulticastDelegateUtilities.SafeInvoke: InternalTestLoggerEvents.SendTestResult: Invoking callback 1/1 for Microsoft.VisualStudio.TestPlatform.CommandLine.Internal.ConsoleLogger., took 0 ms.
TpTrace Verbose: 0 : 37272, 4, 2025/02/28, 23:32:40.593, 2171418849873, vstest.console.dll, MulticastDelegateUtilities.SafeInvoke: InternalTestLoggerEvents.SendTestResult: Invoking callback 1/1 for Microsoft.VisualStudio.TestPlatform.CommandLine.Internal.ConsoleLogger., took 0 ms.
TpTrace Verbose: 0 : 37272, 4, 2025/02/28, 23:32:40.593, 2171418850182, vstest.console.dll, MulticastDelegateUtilities.SafeInvoke: InternalTestLoggerEvents.SendTestResult: Invoking callback 1/1 for Microsoft.VisualStudio.TestPlatform.CommandLine.Internal.ConsoleLogger., took 0 ms.
TpTrace Verbose: 0 : 37272, 4, 2025/02/28, 23:32:40.593, 2171418850663, vstest.console.dll, MulticastDelegateUtilities.SafeInvoke: InternalTestLoggerEvents.SendTestResult: Invoking callback 1/1 for Microsoft.VisualStudio.TestPlatform.CommandLine.Internal.ConsoleLogger., took 0 ms.
TpTrace Verbose: 0 : 37272, 4, 2025/02/28, 23:32:40.593, 2171418851063, vstest.console.dll, MulticastDelegateUtilities.SafeInvoke: InternalTestLoggerEvents.SendTestResult: Invoking callback 1/1 for Microsoft.VisualStudio.TestPlatform.CommandLine.Internal.ConsoleLogger., took 0 ms.
TpTrace Verbose: 0 : 37272, 4, 2025/02/28, 23:32:40.593, 2171418851338, vstest.console.dll, MulticastDelegateUtilities.SafeInvoke: InternalTestLoggerEvents.SendTestResult: Invoking callback 1/1 for Microsoft.VisualStudio.TestPlatform.CommandLine.Internal.ConsoleLogger., took 0 ms.
TpTrace Verbose: 0 : 37272, 4, 2025/02/28, 23:32:40.594, 2171418851656, vstest.console.dll, MulticastDelegateUtilities.SafeInvoke: InternalTestLoggerEvents.SendTestResult: Invoking callback 1/1 for Microsoft.VisualStudio.TestPlatform.CommandLine.Internal.ConsoleLogger., took 0 ms.
TpTrace Verbose: 0 : 37272, 13, 2025/02/28, 23:32:40.596, 2171418877685, vstest.console.dll, TcpClientExtensions.MessageLoopAsync: NotifyDataAvailable remoteEndPoint: 127.0.0.1:62758 localEndPoint: 127.0.0.1:62757
TpTrace Verbose: 0 : 37272, 13, 2025/02/28, 23:32:40.596, 2171418879240, vstest.console.dll, TestRequestSender.OnExecutionMessageReceived: Received message: {"Version":7,"MessageType":"TestExecution.Completed","Payload":{"TestRunCompleteArgs":{"TestRunStatistics":{"ExecutedTests":10,"Stats":{"Passed":10}},"IsCanceled":false,"IsAborted":false,"Error":null,"AttachmentSets":[],"InvokedDataCollectors":[],"ElapsedTimeInRunningTests":"00:00:00.1828702","Metrics":{},"DiscoveredExtensions":{"TestDiscoverers":["Microsoft.VisualStudio.TestPlatform.MSTest.TestAdapter.MSTestDiscoverer, Microsoft.VisualStudio.TestPlatform.MSTest.TestAdapter, Version=14.0.0.0, Culture=neutral, PublicKeyToken=b03f5f7f11d50a3a"],"TestExecutors":["executor://MSTestAdapter/v2"],"TestExecutors2":[],"TestSettingsProviders":[]}},"LastRunTests":{"NewTestResults":[],"TestRunStatistics":{"ExecutedTests":10,"Stats":{"Passed":10}},"ActiveTests":[]},"RunAttachments":[],"ExecutorUris":["executor://mstestadapter/v2"]}}
TpTrace Verbose: 0 : 37272, 13, 2025/02/28, 23:32:40.596, 2171418880128, vstest.console.dll, TestRequestSender.EndSession: Sending end session.
TpTrace Verbose: 0 : 37272, 13, 2025/02/28, 23:32:40.597, 2171418881771, vstest.console.dll, ProxyOperationManager.Close: waiting for test host to exit for 100 ms
TpTrace Verbose: 0 : 37272, 11, 2025/02/28, 23:32:40.636, 2171419276883, vstest.console.dll, TestHostManagerCallbacks.StandardOutputReceivedCallback Test host standard output line: 
TpTrace Warning: 0 : 37272, 9, 2025/02/28, 23:32:40.636, 2171419276883, vstest.console.dll, TestHostManagerCallbacks.ErrorReceivedCallback Test host standard error line: 
TpTrace Verbose: 0 : 37272, 9, 2025/02/28, 23:32:40.642, 2171419340060, vstest.console.dll, TestHostProvider.ExitCallBack: Host exited starting callback.
TpTrace Information: 0 : 37272, 9, 2025/02/28, 23:32:40.643, 2171419341556, vstest.console.dll, TestHostManagerCallbacks.ExitCallBack: Testhost processId: 14864 exited with exitcode: 0 error: ''
TpTrace Verbose: 0 : 37272, 9, 2025/02/28, 23:32:40.643, 2171419341858, vstest.console.dll, DotnetTestHostManager.OnHostExited: invoking OnHostExited callback
TpTrace Verbose: 0 : 37272, 9, 2025/02/28, 23:32:40.643, 2171419342352, vstest.console.dll, CrossPlatEngine.TestHostManagerHostExited: calling on client process exit callback.
TpTrace Information: 0 : 37272, 9, 2025/02/28, 23:32:40.643, 2171419342768, vstest.console.dll, TestRequestSender.OnClientProcessExit: Test host process exited. Standard error: 
TpTrace Information: 0 : 37272, 9, 2025/02/28, 23:32:40.643, 2171419343054, vstest.console.dll, SocketServer.Stop: Stop server endPoint: 127.0.0.1:62757
TpTrace Information: 0 : 37272, 13, 2025/02/28, 23:32:40.643, 2171419343098, vstest.console.dll, SocketServer.Stop: Stop server endPoint: 127.0.0.1:62757
TpTrace Information: 0 : 37272, 9, 2025/02/28, 23:32:40.643, 2171419343227, vstest.console.dll, SocketServer.Stop: Cancellation requested. Stopping message loop.
TpTrace Information: 0 : 37272, 13, 2025/02/28, 23:32:40.643, 2171419343653, vstest.console.dll, SocketServer.Stop: Cancellation requested. Stopping message loop.
TpTrace Information: 0 : 37272, 13, 2025/02/28, 23:32:40.643, 2171419344436, vstest.console.dll, Closing the connection
TpTrace Verbose: 0 : 37272, 9, 2025/02/28, 23:32:40.643, 2171419344706, vstest.console.dll, MulticastDelegateUtilities.SafeInvoke: HostProviderEvents.OnHostExited: Invoking callback 1/1 for Microsoft.VisualStudio.TestPlatform.CrossPlatEngine.Client.ProxyOperationManager., took 0 ms.
TpTrace Verbose: 0 : 37272, 13, 2025/02/28, 23:32:40.643, 2171419346362, vstest.console.dll, ProxyDataCollectionManager.InvokeDataCollectionServiceAction: Starting.
TpTrace Information: 0 : 37272, 13, 2025/02/28, 23:32:40.643, 2171419346763, vstest.console.dll, ProxyDataCollectionManager.AfterTestRunEnd: Get attachment set and invoked data collectors processId: 38524 port: 62751
TpTrace Verbose: 0 : 37272, 13, 2025/02/28, 23:32:40.643, 2171419347155, vstest.console.dll, DataCollectionRequestSender.SendAfterTestRunStartAndGetResult: Send AfterTestRunEnd message with isCancelled: False
TpTrace Verbose: 0 : 37272, 13, 2025/02/28, 23:32:40.648, 2171419394988, vstest.console.dll, DataCollectionRequestSender.SendAfterTestRunStartAndGetResult: Received message: (DataCollection.AfterTestRunEndResult) -> {"MessageType":"DataCollection.AfterTestRunEndResult","Payload":{"AttachmentSets":[],"InvokedDataCollectors":[{"Uri":"datacollector://Microsoft/TestPlatform/Extensions/Blame/v1","FriendlyName":"Blame","AssemblyQualifiedName":"Microsoft.TestPlatform.Extensions.BlameDataCollector.BlameCollector, Microsoft.TestPlatform.Extensions.BlameDataCollector, Version=15.0.0.0, Culture=neutral, PublicKeyToken=b03f5f7f11d50a3a","FilePath":"C:\\Program Files\\dotnet\\sdk\\9.0.103\\Extensions\\Microsoft.TestPlatform.Extensions.BlameDataCollector.dll","HasAttachmentProcessor":false}],"Metrics":{}}}
TpTrace Information: 0 : 37272, 13, 2025/02/28, 23:32:40.653, 2171419442911, vstest.console.dll, ProxyDataCollectionManager.InvokeDataCollectionServiceAction: Completed.
TpTrace Warning: 0 : 37272, 10, 2025/02/28, 23:32:40.653, 2171419447757, vstest.console.dll, DataCollectionLauncher.ErrorReceivedCallback datacollector standard error line: 
TpTrace Information: 0 : 37272, 10, 2025/02/28, 23:32:40.658, 2171419498393, vstest.console.dll, DataCollectionLauncher.ExitCallBack: Data collector exited with exitcode: 0 error: ''
TpTrace Verbose: 0 : 37272, 13, 2025/02/28, 23:32:40.675, 2171419670645, vstest.console.dll, TestRunRequest:SendTestRunStatsChange: Starting.
TpTrace Verbose: 0 : 37272, 13, 2025/02/28, 23:32:40.676, 2171419672198, vstest.console.dll, MulticastDelegateUtilities.SafeInvoke: TestRun.RunStatsChanged: Invoking callbacks was skipped because there are no subscribers.
TpTrace Information: 0 : 37272, 13, 2025/02/28, 23:32:40.676, 2171419672570, vstest.console.dll, TestRunRequest:SendTestRunStatsChange: Completed.
TpTrace Verbose: 0 : 37272, 13, 2025/02/28, 23:32:40.676, 2171419675962, vstest.console.dll, ParallelProxyExecutionManager: HandlePartialRunComplete: Total workloads = 1, Total started clients = 1 Total completed clients = 1, Run complete = True, Run canceled: False.
TpTrace Verbose: 0 : 37272, 13, 2025/02/28, 23:32:40.685, 2171419767205, vstest.console.dll, ParallelProxyExecutionManager: HandlePartialRunComplete: All runs completed stopping all managers.
TpTrace Verbose: 0 : 37272, 13, 2025/02/28, 23:32:40.685, 2171419769100, vstest.console.dll, ParallelOperationManager.StopAllManagers: Stopping all managers.
TpTrace Verbose: 0 : 37272, 13, 2025/02/28, 23:32:40.685, 2171419769453, vstest.console.dll, ParallelOperationManager.ClearSlots: Clearing all slots. Slots should accept more work: False
TpTrace Verbose: 0 : 37272, 13, 2025/02/28, 23:32:40.685, 2171419769833, vstest.console.dll, ParallelOperationManager.SetOccupiedSlotCount: Setting slot counts AvailableSlotCount = 1, OccupiedSlotCount = 0.
TpTrace Verbose: 0 : 37272, 13, 2025/02/28, 23:32:40.685, 2171419770154, vstest.console.dll, Occupied slots:

TpTrace Verbose: 0 : 37272, 4, 2025/02/28, 23:32:40.692, 2171419837028, vstest.console.dll, MulticastDelegateUtilities.SafeInvoke: InternalTestLoggerEvents.SendTestRunComplete: Invoking callback 1/2 for Microsoft.TestPlatform.Extensions.BlameDataCollector.BlameLogger., took 0 ms.
TpTrace Verbose: 0 : 37272, 4, 2025/02/28, 23:32:40.697, 2171419882856, vstest.console.dll, MulticastDelegateUtilities.SafeInvoke: InternalTestLoggerEvents.SendTestRunComplete: Invoking callback 2/2 for Microsoft.VisualStudio.TestPlatform.CommandLine.Internal.ConsoleLogger., took 4 ms.
TpTrace Verbose: 0 : 37272, 13, 2025/02/28, 23:32:40.697, 2171419886728, vstest.console.dll, TestRunRequest:TestRunComplete: Starting. IsAborted:False IsCanceled:False.
TpTrace Verbose: 0 : 37272, 13, 2025/02/28, 23:32:40.697, 2171419888950, vstest.console.dll, ParallelOperationManager.DoActionOnAllManagers: Calling an action on all managers.
TpTrace Verbose: 0 : 37272, 13, 2025/02/28, 23:32:40.699, 2171419902841, vstest.console.dll, TestLoggerManager.HandleTestRunComplete: Ignoring as the object is disposed.
TpTrace Verbose: 0 : 37272, 13, 2025/02/28, 23:32:40.699, 2171419906352, vstest.console.dll, MulticastDelegateUtilities.SafeInvoke: TestRun.TestRunComplete: Invoking callback 1/2 for Microsoft.VisualStudio.TestPlatform.CommandLine.TestRunResultAggregator., took 0 ms.
TpTrace Verbose: 0 : 37272, 13, 2025/02/28, 23:32:40.699, 2171419907898, vstest.console.dll, MulticastDelegateUtilities.SafeInvoke: TestRun.TestRunComplete: Invoking callback 2/2 for Microsoft.VisualStudio.TestPlatform.CommandLine.Processors.RunTestsArgumentExecutor+TestRunRequestEventsRegistrar., took 0 ms.
TpTrace Information: 0 : 37272, 13, 2025/02/28, 23:32:40.699, 2171419908854, vstest.console.dll, TestRunRequest:TestRunComplete: Completed.
TpTrace Verbose: 0 : 37272, 1, 2025/02/28, 23:32:40.699, 2171419909063, vstest.console.dll, TestRunRequest.Dispose: Starting.
TpTrace Verbose: 0 : 37272, 13, 2025/02/28, 23:32:40.699, 2171419909177, vstest.console.dll, TestRequestSender.SetOperationComplete: Setting operation complete.
TpTrace Information: 0 : 37272, 1, 2025/02/28, 23:32:40.699, 2171419909742, vstest.console.dll, TestRunRequest.Dispose: Completed.
TpTrace Information: 0 : 37272, 1, 2025/02/28, 23:32:40.699, 2171419910363, vstest.console.dll, TestRequestManager.RunTests: run tests completed.
TpTrace Information: 0 : 37272, 13, 2025/02/28, 23:32:40.699, 2171419910388, vstest.console.dll, SocketServer.Stop: Stop server endPoint: 127.0.0.1:62757
TpTrace Information: 0 : 37272, 13, 2025/02/28, 23:32:40.699, 2171419910998, vstest.console.dll, SocketServer.Stop: Cancellation requested. Stopping message loop.
TpTrace Information: 0 : 37272, 1, 2025/02/28, 23:32:40.699, 2171419911245, vstest.console.dll, RunTestsArgumentProcessor:Execute: Test run is completed.
TpTrace Verbose: 0 : 37272, 13, 2025/02/28, 23:32:40.700, 2171419911893, vstest.console.dll, MulticastDelegateUtilities.SafeInvoke: LengthPrefixCommunicationChannel: MessageReceived: Invoking callback 1/1 for Microsoft.VisualStudio.TestPlatform.CommunicationUtilities.TestRequestSender+<>c__DisplayClass34_0., took 103 ms.
TpTrace Information: 0 : 37272, 13, 2025/02/28, 23:32:40.700, 2171419912902, vstest.console.dll, SocketServer.PrivateStop: Stopping server endPoint: 127.0.0.1:62757 error: 
TpTrace Verbose: 0 : 37272, 1, 2025/02/28, 23:32:40.700, 2171419913943, vstest.console.dll, Executor.Execute: Exiting with exit code of 0
TpTrace Verbose: 0 : 37272, 13, 2025/02/28, 23:32:40.700, 2171419916609, vstest.console.dll, LengthPrefixCommunicationChannel.Dispose: Dispose reader and writer.
TpTrace Information: 0 : 37272, 13, 2025/02/28, 23:32:40.700, 2171419917417, vstest.console.dll, SocketServer.Stop: Raise disconnected event endPoint: 127.0.0.1:62757 error: 
TpTrace Verbose: 0 : 37272, 13, 2025/02/28, 23:32:40.700, 2171419918034, vstest.console.dll, TestRequestSender: OnTestRunAbort: Operation is already complete. Skip error message.
TpTrace Verbose: 0 : 37272, 13, 2025/02/28, 23:32:40.700, 2171419918357, vstest.console.dll, MulticastDelegateUtilities.SafeInvoke: SocketServer: ClientDisconnected: Invoking callback 1/1 for Microsoft.VisualStudio.TestPlatform.CommunicationUtilities.TestRequestSender., took 0 ms.
TpTrace Verbose: 0 : 37272, 13, 2025/02/28, 23:32:40.700, 2171419918581, vstest.console.dll, TcpClientExtensions.MessageLoopAsync: exiting MessageLoopAsync remoteEndPoint: 127.0.0.1:62758 localEndPoint: 127.0.0.1:62757
